#
# A fatal error has been detected by the Java Runtime Environment:
#
#  Internal Error (./src/hotspot/share/oops/methodData.cpp:1079), pid=12024, tid=8888
#  Error: ShouldNotReachHere()
#
# JRE version: OpenJDK Runtime Environment (11.0.10) (build 11.0.10+0-b96-7249189)
# Java VM: OpenJDK 64-Bit Server VM (11.0.10+0-b96-7249189, mixed mode, tiered, compressed oops, g1 gc, windows-amd64)
# No core dump will be written. Minidumps are not enabled by default on client versions of Windows
#
# If you would like to submit a bug report, please visit:
#   https://bugreport.java.com/bugreport/crash.jsp
#

---------------  S U M M A R Y ------------

Command Line: --add-opens=java.base/java.util=ALL-UNNAMED --add-opens=java.base/java.lang=ALL-UNNAMED --add-opens=java.base/java.lang.invoke=ALL-UNNAMED --add-opens=java.base/java.util=ALL-UNNAMED --add-opens=java.prefs/java.util.prefs=ALL-UNNAMED --add-opens=java.prefs/java.util.prefs=ALL-UNNAMED --add-opens=java.base/java.nio.charset=ALL-UNNAMED --add-opens=java.base/java.net=ALL-UNNAMED --add-opens=java.base/java.util.concurrent.atomic=ALL-UNNAMED -Xmx2048m -Dfile.encoding=UTF-8 -Duser.country=US -Duser.language=en -Duser.variant org.gradle.launcher.daemon.bootstrap.GradleDaemon 7.0.2

Host: AMD Ryzen 3 PRO 4350G with Radeon Graphics, 8 cores, 15G,  Windows 10 , 64 bit Build 19041 (10.0.19041.1706)
Time: Tue May 17 01:16:39 2022 Central Daylight Time (Mexico) elapsed time: 9131.883043 seconds (0d 2h 32m 11s)

---------------  T H R E A D  ---------------

Current thread (0x0000013ab7767800):  GCTaskThread "GC Thread#0" [stack: 0x0000001599e00000,0x0000001599f00000] [id=8888]

Stack: [0x0000001599e00000,0x0000001599f00000]
[error occurred during error reporting (printing stack bounds), id 0xc0000005, EXCEPTION_ACCESS_VIOLATION (0xc0000005) at pc=0x0000013abb240f2d]

Native frames: (J=compiled Java code, j=interpreted, Vv=VM code, C=native code)
V  [jvm.dll+0x5ecfaa]
V  [jvm.dll+0x722bd5]
V  [jvm.dll+0x72412d]
V  [jvm.dll+0x724745]
V  [jvm.dll+0x7246fb]
V  [jvm.dll+0x5ec348]
V  [jvm.dll+0x5ecad8]
C  [ntdll.dll+0xa209f]
C  [ntdll.dll+0x51454]
C  [ntdll.dll+0xa0bce]
C  0x0000013abb240f2d


---------------  P R O C E S S  ---------------

Threads class SMR info:
_java_thread_list=0x0000013adcc5e600, length=59, elements={
0x0000013ab7750800, 0x0000013ad241d000, 0x0000013ad2428000, 0x0000013ad2482800,
0x0000013ad2484000, 0x0000013ad2486000, 0x0000013ad248c800, 0x0000013ad248f800,
0x0000013ad2492800, 0x0000013ad2606800, 0x0000013ad4ab1000, 0x0000013ad2b3e800,
0x0000013ad5067000, 0x0000013ad48c6800, 0x0000013ad48c7000, 0x0000013ad48c8000,
0x0000013ad57bf800, 0x0000013ad57bd000, 0x0000013ad57be000, 0x0000013ad57c2000,
0x0000013ad57c3000, 0x0000013ad57c1000, 0x0000013ad57c7800, 0x0000013ad82ba000,
0x0000013ad82b5000, 0x0000013ad82bb800, 0x0000013ad82bd000, 0x0000013ad82bc800,
0x0000013ad82be000, 0x0000013ad9a0c000, 0x0000013ad9a13800, 0x0000013adcca0800,
0x0000013ad9a11000, 0x0000013ad57c4800, 0x0000013adf29a800, 0x0000013adf28f800,
0x0000013adf290800, 0x0000013adf292000, 0x0000013adf293000, 0x0000013adf28f000,
0x0000013adf28d000, 0x0000013adf294000, 0x0000013adf28e000, 0x0000013adf299800,
0x0000013adf298000, 0x0000013adf294800, 0x0000013adf298800, 0x0000013adf29b000,
0x0000013adf295800, 0x0000013adf29c000, 0x0000013adf296000, 0x0000013adf297000,
0x0000013adcc9f800, 0x0000013adcca1800, 0x0000013adcca3800, 0x0000013adcca2000,
0x0000013adcca3000, 0x0000013adcc9e000, 0x0000013adcca4800
}

Java Threads: ( => current thread )
  0x0000013ab7750800 JavaThread "main" [_thread_blocked, id=1180, stack(0x0000001599d00000,0x0000001599e00000)]
  0x0000013ad241d000 JavaThread "Reference Handler" daemon [_thread_blocked, id=2608, stack(0x000000159a400000,0x000000159a500000)]
  0x0000013ad2428000 JavaThread "Finalizer" daemon [_thread_blocked, id=17260, stack(0x000000159a500000,0x000000159a600000)]
  0x0000013ad2482800 JavaThread "Signal Dispatcher" daemon [_thread_blocked, id=15584, stack(0x000000159a600000,0x000000159a700000)]
  0x0000013ad2484000 JavaThread "Attach Listener" daemon [_thread_blocked, id=4236, stack(0x000000159a700000,0x000000159a800000)]
  0x0000013ad2486000 JavaThread "Service Thread" daemon [_thread_blocked, id=10096, stack(0x000000159a800000,0x000000159a900000)]
  0x0000013ad248c800 JavaThread "C2 CompilerThread0" daemon [_thread_blocked, id=15752, stack(0x000000159a900000,0x000000159aa00000)]
  0x0000013ad248f800 JavaThread "C1 CompilerThread0" daemon [_thread_blocked, id=8288, stack(0x000000159aa00000,0x000000159ab00000)]
  0x0000013ad2492800 JavaThread "Sweeper thread" daemon [_thread_blocked, id=6896, stack(0x000000159ab00000,0x000000159ac00000)]
  0x0000013ad2606800 JavaThread "Common-Cleaner" daemon [_thread_blocked, id=2060, stack(0x000000159ac00000,0x000000159ad00000)]
  0x0000013ad4ab1000 JavaThread "Daemon health stats" [_thread_blocked, id=15572, stack(0x000000159b400000,0x000000159b500000)]
  0x0000013ad2b3e800 JavaThread "Incoming local TCP Connector on port 53661" [_thread_in_native, id=4884, stack(0x000000159ae00000,0x000000159af00000)]
  0x0000013ad5067000 JavaThread "Daemon periodic checks" [_thread_blocked, id=11940, stack(0x000000159af00000,0x000000159b000000)]
  0x0000013ad48c6800 JavaThread "Cache worker for file hash cache (C:\Users\USER\.gradle\caches\7.0.2\fileHashes)" [_thread_blocked, id=14972, stack(0x000000159bc00000,0x000000159bd00000)]
  0x0000013ad48c7000 JavaThread "File lock request listener" [_thread_in_native, id=8548, stack(0x000000159bd00000,0x000000159be00000)]
  0x0000013ad48c8000 JavaThread "Cache worker for journal cache (C:\Users\USER\.gradle\caches\journal-1)" [_thread_blocked, id=12940, stack(0x000000159c200000,0x000000159c300000)]
  0x0000013ad57bf800 JavaThread "File watcher server" daemon [_thread_blocked, id=8652, stack(0x000000159c500000,0x000000159c600000)]
  0x0000013ad57bd000 JavaThread "File watcher consumer" daemon [_thread_blocked, id=16056, stack(0x000000159c600000,0x000000159c700000)]
  0x0000013ad57be000 JavaThread "Cache worker for execution history cache (C:\Users\USER\.gradle\caches\7.0.2\executionHistory)" [_thread_blocked, id=10720, stack(0x000000159cb00000,0x000000159cc00000)]
  0x0000013ad57c2000 JavaThread "jar transforms" [_thread_blocked, id=10884, stack(0x000000159cc00000,0x000000159cd00000)]
  0x0000013ad57c3000 JavaThread "jar transforms Thread 2" [_thread_blocked, id=784, stack(0x000000159cd00000,0x000000159ce00000)]
  0x0000013ad57c1000 JavaThread "Cache worker for file content cache (C:\Users\USER\.gradle\caches\7.0.2\fileContent)" [_thread_blocked, id=9640, stack(0x000000159ce00000,0x000000159cf00000)]
  0x0000013ad57c7800 JavaThread "jar transforms Thread 3" [_thread_blocked, id=8936, stack(0x000000159d000000,0x000000159d100000)]
  0x0000013ad82ba000 JavaThread "jar transforms Thread 4" [_thread_blocked, id=14672, stack(0x000000159da00000,0x000000159db00000)]
  0x0000013ad82b5000 JavaThread "jar transforms Thread 5" [_thread_blocked, id=15404, stack(0x000000159db00000,0x000000159dc00000)]
  0x0000013ad82bb800 JavaThread "jar transforms Thread 6" [_thread_blocked, id=11136, stack(0x000000159dc00000,0x000000159dd00000)]
  0x0000013ad82bd000 JavaThread "jar transforms Thread 7" [_thread_blocked, id=4924, stack(0x000000159dd00000,0x000000159de00000)]
  0x0000013ad82bc800 JavaThread "jar transforms Thread 8" [_thread_blocked, id=17376, stack(0x000000159de00000,0x000000159df00000)]
  0x0000013ad82be000 JavaThread "Memory manager" [_thread_blocked, id=9140, stack(0x000000159df00000,0x000000159e000000)]
  0x0000013ad9a0c000 JavaThread "RMI Scheduler(0)" daemon [_thread_blocked, id=14412, stack(0x000000159c300000,0x000000159c400000)]
  0x0000013ad9a13800 JavaThread "RMI TCP Accept-0" daemon [_thread_in_native, id=6260, stack(0x000000159ec00000,0x000000159ed00000)]
  0x0000013adcca0800 JavaThread "RMI GC Daemon" daemon [_thread_blocked, id=15372, stack(0x000000159f500000,0x000000159f600000)]
  0x0000013ad9a11000 JavaThread "RMI Reaper" [_thread_blocked, id=12004, stack(0x000000159f600000,0x000000159f700000)]
  0x0000013ad57c4800 JavaThread "Cache worker for Java compile cache (C:\Users\USER\.gradle\caches\7.0.2\javaCompile)" [_thread_blocked, id=13672, stack(0x000000159ee00000,0x000000159ef00000)]
  0x0000013adf29a800 JavaThread "ForkJoinPool.commonPool-worker-15" daemon [_thread_blocked, id=16164, stack(0x000000159f900000,0x000000159fa00000)]
  0x0000013adf28f800 JavaThread "RMI TCP Connection(idle)" daemon [_thread_blocked, id=7948, stack(0x0000001599a00000,0x0000001599b00000)]
  0x0000013adf290800 JavaThread "Daemon Thread 11" [_thread_blocked, id=4592, stack(0x0000001599b00000,0x0000001599c00000)]
  0x0000013adf292000 JavaThread "Handler for socket connection from /127.0.0.1:53661 to /127.0.0.1:58602" [_thread_in_native, id=7532, stack(0x0000001599c00000,0x0000001599d00000)]
  0x0000013adf293000 JavaThread "Cancel handler" [_thread_blocked, id=6512, stack(0x000000159b500000,0x000000159b600000)]
  0x0000013adf28f000 JavaThread "Daemon worker Thread 11" [_thread_blocked, id=16668, stack(0x000000159b600000,0x000000159b700000)]
  0x0000013adf28d000 JavaThread "Asynchronous log dispatcher for DefaultDaemonConnection: socket connection from /127.0.0.1:53661 to /127.0.0.1:58602" [_thread_blocked, id=12128, stack(0x000000159b700000,0x000000159b800000)]
  0x0000013adf294000 JavaThread "Stdin handler" [_thread_blocked, id=13524, stack(0x000000159b800000,0x000000159b900000)]
  0x0000013adf28e000 JavaThread "Daemon client event forwarder" [_thread_blocked, id=12296, stack(0x000000159b900000,0x000000159ba00000)]
  0x0000013adf299800 JavaThread "Cache worker for file hash cache (D:\AndroidProjects\Kotlin-Login\.gradle\7.0.2\fileHashes)" [_thread_blocked, id=15004, stack(0x000000159ba00000,0x000000159bb00000)]
  0x0000013adf298000 JavaThread "C2 CompilerThread1" daemon [_thread_in_native, id=9532, stack(0x000000159bb00000,0x000000159bc00000)]
  0x0000013adf294800 JavaThread "Cache worker for checksums cache (D:\AndroidProjects\Kotlin-Login\.gradle\checksums)" [_thread_blocked, id=6024, stack(0x000000159c400000,0x000000159c500000)]
  0x0000013adf298800 JavaThread "Cache worker for cache directory md-supplier (C:\Users\USER\.gradle\caches\7.0.2\md-supplier)" [_thread_blocked, id=16624, stack(0x000000159c700000,0x000000159c800000)]
  0x0000013adf29b000 JavaThread "Cache worker for cache directory md-rule (C:\Users\USER\.gradle\caches\7.0.2\md-rule)" [_thread_blocked, id=7544, stack(0x000000159c800000,0x000000159c900000)]
  0x0000013adf295800 JavaThread "Cache worker for dependencies-accessors (D:\AndroidProjects\Kotlin-Login\.gradle\7.0.2\dependencies-accessors)" [_thread_blocked, id=10904, stack(0x000000159c900000,0x000000159ca00000)]
  0x0000013adf29c000 JavaThread "Cache worker for Build Output Cleanup Cache (D:\AndroidProjects\Kotlin-Login\.gradle\buildOutputCleanup)" [_thread_blocked, id=16904, stack(0x000000159ca00000,0x000000159cb00000)]
  0x0000013adf296000 JavaThread "Build operations" [_thread_blocked, id=588, stack(0x000000159cf00000,0x000000159d000000)]
  0x0000013adf297000 JavaThread "Build operations Thread 2" [_thread_blocked, id=8304, stack(0x000000159d100000,0x000000159d200000)]
  0x0000013adcc9f800 JavaThread "Build operations Thread 3" [_thread_blocked, id=10280, stack(0x000000159d200000,0x000000159d300000)]
  0x0000013adcca1800 JavaThread "Build operations Thread 4" [_thread_blocked, id=14436, stack(0x000000159d300000,0x000000159d400000)]
  0x0000013adcca3800 JavaThread "Build operations Thread 5" [_thread_blocked, id=992, stack(0x000000159d400000,0x000000159d500000)]
  0x0000013adcca2000 JavaThread "Build operations Thread 6" [_thread_blocked, id=3828, stack(0x000000159d500000,0x000000159d600000)]
  0x0000013adcca3000 JavaThread "Build operations Thread 7" [_thread_blocked, id=1116, stack(0x000000159d600000,0x000000159d700000)]
  0x0000013adcc9e000 JavaThread "Build operations Thread 8" [_thread_blocked, id=7236, stack(0x000000159d700000,0x000000159d800000)]
  0x0000013adcca4800 JavaThread "C2 CompilerThread2" daemon [_thread_blocked, id=17208, stack(0x000000159d800000,0x000000159d900000)]

Other Threads:
  0x0000013ad1bed000 VMThread "VM Thread" [stack: 0x000000159a300000,0x000000159a400000] [id=16488]
  0x0000013ad2631800 WatcherThread [stack: 0x000000159ad00000,0x000000159ae00000] [id=13664]
=>0x0000013ab7767800 GCTaskThread "GC Thread#0" [stack: 0x0000001599e00000,0x0000001599f00000] [id=8888]
  0x0000013ad316d000 GCTaskThread "GC Thread#1" [stack: 0x000000159b000000,0x000000159b100000] [id=2760]
  0x0000013ad32d3800 GCTaskThread "GC Thread#2" [stack: 0x000000159b100000,0x000000159b200000] [id=13184]
  0x0000013ad3572800 GCTaskThread "GC Thread#3" [stack: 0x000000159b200000,0x000000159b300000] [id=14388]
  0x0000013ad3577800 GCTaskThread "GC Thread#4" [stack: 0x000000159b300000,0x000000159b400000] [id=15428]
  0x0000013ad3576000 GCTaskThread "GC Thread#5" [stack: 0x000000159be00000,0x000000159bf00000] [id=12096]
  0x0000013ad3575800 GCTaskThread "GC Thread#6" [stack: 0x000000159bf00000,0x000000159c000000] [id=13448]
  0x0000013ad3578800 GCTaskThread "GC Thread#7" [stack: 0x000000159c000000,0x000000159c100000] [id=15660]
  0x0000013ab779a800 ConcurrentGCThread "G1 Main Marker" [stack: 0x0000001599f00000,0x000000159a000000] [id=7380]
  0x0000013ab779c000 ConcurrentGCThread "G1 Conc#0" [stack: 0x000000159a000000,0x000000159a100000] [id=14852]
  0x0000013ad3579000 ConcurrentGCThread "G1 Conc#1" [stack: 0x000000159c100000,0x000000159c200000] [id=17264]
  0x0000013ad1a66800 ConcurrentGCThread "G1 Refine#0" [stack: 0x000000159a100000,0x000000159a200000] [id=15432]
  0x0000013adbaef800 ConcurrentGCThread "G1 Refine#1" [stack: 0x000000159e000000,0x000000159e100000] [id=13632]
  0x0000013ad1a67000 ConcurrentGCThread "G1 Young RemSet Sampling" [stack: 0x000000159a200000,0x000000159a300000] [id=16292]

Threads with active compile tasks:
C2 CompilerThread09131899 34702       4       org.gradle.api.internal.artifacts.ivyservice.resolveengine.graph.conflicts.VersionConflictResolutionDetails::mergeCauses (127 bytes)
C1 CompilerThread09131899 34715       3       com.google.common.collect.Maps::equalsImpl (39 bytes)
C2 CompilerThread19131899 34696       4       org.gradle.internal.component.external.model.LazyVariantBackedConfigurationMetadata::<init> (26 bytes)
C2 CompilerThread29131900 34662  s    4       com.android.build.gradle.internal.services.StringCachingBuildService::cacheString (47 bytes)

VM state:at safepoint (normal execution)

VM Mutex/Monitor currently owned by a thread:  ([mutex/lock_event])
[0x0000013ab774e430] Threads_lock - owner thread: 0x0000013ad1bed000
[0x0000013ab774ced0] Heap_lock - owner thread: 0x0000013ab779a800

Heap address: 0x0000000080000000, size: 2048 MB, Compressed Oops mode: 32-bit
Narrow klass base: 0x0000000000000000, Narrow klass shift: 3
Compressed class space size: 1073741824 Address: 0x0000000100000000

Heap:
 garbage-first heap   total 311296K, used 189966K [0x0000000080000000, 0x0000000100000000)
  region size 1024K, 24 young (24576K), 7 survivors (7168K)
 Metaspace       used 161599K, capacity 166650K, committed 166912K, reserved 1193984K
  class space    used 19964K, capacity 21789K, committed 21836K, reserved 1048576K
Heap Regions: E=young(eden), S=young(survivor), O=old, HS=humongous(starts), HC=humongous(continues), CS=collection set, F=free, A=archive, TAMS=top-at-mark-start (previous, next)
|   0|0x0000000080000000, 0x0000000080100000, 0x0000000080100000|100%| O|  |TAMS 0x0000000080100000, 0x0000000080100000| Untracked 
|   1|0x0000000080100000, 0x0000000080200000, 0x0000000080200000|100%| O|  |TAMS 0x0000000080200000, 0x0000000080200000| Untracked 
|   2|0x0000000080200000, 0x0000000080300000, 0x0000000080300000|100%| O|  |TAMS 0x0000000080300000, 0x0000000080300000| Untracked 
|   3|0x0000000080300000, 0x0000000080400000, 0x0000000080400000|100%|HS|  |TAMS 0x0000000080400000, 0x0000000080400000| Complete 
|   4|0x0000000080400000, 0x0000000080500000, 0x0000000080500000|100%|HC|  |TAMS 0x0000000080500000, 0x0000000080500000| Complete 
|   5|0x0000000080500000, 0x0000000080600000, 0x0000000080600000|100%|HC|  |TAMS 0x0000000080600000, 0x0000000080600000| Complete 
|   6|0x0000000080600000, 0x0000000080700000, 0x0000000080700000|100%| O|  |TAMS 0x0000000080700000, 0x0000000080700000| Untracked 
|   7|0x0000000080700000, 0x0000000080800000, 0x0000000080800000|100%| O|  |TAMS 0x0000000080800000, 0x0000000080800000| Untracked 
|   8|0x0000000080800000, 0x0000000080900000, 0x0000000080900000|100%| O|  |TAMS 0x0000000080900000, 0x0000000080900000| Untracked 
|   9|0x0000000080900000, 0x0000000080a00000, 0x0000000080a00000|100%| O|  |TAMS 0x0000000080a00000, 0x0000000080a00000| Untracked 
|  10|0x0000000080a00000, 0x0000000080b00000, 0x0000000080b00000|100%| O|  |TAMS 0x0000000080b00000, 0x0000000080b00000| Untracked 
|  11|0x0000000080b00000, 0x0000000080c00000, 0x0000000080c00000|100%| O|  |TAMS 0x0000000080c00000, 0x0000000080c00000| Untracked 
|  12|0x0000000080c00000, 0x0000000080d00000, 0x0000000080d00000|100%| O|  |TAMS 0x0000000080d00000, 0x0000000080d00000| Untracked 
|  13|0x0000000080d00000, 0x0000000080e00000, 0x0000000080e00000|100%| O|  |TAMS 0x0000000080e00000, 0x0000000080e00000| Untracked 
|  14|0x0000000080e00000, 0x0000000080f00000, 0x0000000080f00000|100%| O|  |TAMS 0x0000000080f00000, 0x0000000080f00000| Untracked 
|  15|0x0000000080f00000, 0x0000000081000000, 0x0000000081000000|100%| O|  |TAMS 0x0000000081000000, 0x0000000081000000| Untracked 
|  16|0x0000000081000000, 0x0000000081100000, 0x0000000081100000|100%|HS|  |TAMS 0x0000000081100000, 0x0000000081100000| Complete 
|  17|0x0000000081100000, 0x0000000081200000, 0x0000000081200000|100%|HS|  |TAMS 0x0000000081200000, 0x0000000081200000| Complete 
|  18|0x0000000081200000, 0x0000000081300000, 0x0000000081300000|100%|HS|  |TAMS 0x0000000081300000, 0x0000000081300000| Complete 
|  19|0x0000000081300000, 0x0000000081400000, 0x0000000081400000|100%|HS|  |TAMS 0x0000000081400000, 0x0000000081400000| Complete 
|  20|0x0000000081400000, 0x0000000081500000, 0x0000000081500000|100%|HC|  |TAMS 0x0000000081500000, 0x0000000081500000| Complete 
|  21|0x0000000081500000, 0x0000000081600000, 0x0000000081600000|100%|HC|  |TAMS 0x0000000081600000, 0x0000000081600000| Complete 
|  22|0x0000000081600000, 0x0000000081700000, 0x0000000081700000|100%|HS|  |TAMS 0x0000000081700000, 0x0000000081700000| Complete 
|  23|0x0000000081700000, 0x0000000081800000, 0x0000000081800000|100%|HC|  |TAMS 0x0000000081800000, 0x0000000081800000| Complete 
|  24|0x0000000081800000, 0x0000000081900000, 0x0000000081900000|100%| O|  |TAMS 0x0000000081900000, 0x0000000081900000| Untracked 
|  25|0x0000000081900000, 0x0000000081a00000, 0x0000000081a00000|100%| O|  |TAMS 0x0000000081a00000, 0x0000000081a00000| Untracked 
|  26|0x0000000081a00000, 0x0000000081b00000, 0x0000000081b00000|100%| O|  |TAMS 0x0000000081b00000, 0x0000000081b00000| Untracked 
|  27|0x0000000081b00000, 0x0000000081c00000, 0x0000000081c00000|100%| O|  |TAMS 0x0000000081c00000, 0x0000000081c00000| Untracked 
|  28|0x0000000081c00000, 0x0000000081d00000, 0x0000000081d00000|100%| O|  |TAMS 0x0000000081d00000, 0x0000000081d00000| Untracked 
|  29|0x0000000081d00000, 0x0000000081e00000, 0x0000000081e00000|100%| O|  |TAMS 0x0000000081e00000, 0x0000000081e00000| Untracked 
|  30|0x0000000081e00000, 0x0000000081f00000, 0x0000000081f00000|100%| O|  |TAMS 0x0000000081f00000, 0x0000000081f00000| Untracked 
|  31|0x0000000081f00000, 0x0000000082000000, 0x0000000082000000|100%| O|  |TAMS 0x0000000082000000, 0x0000000082000000| Untracked 
|  32|0x0000000082000000, 0x0000000082100000, 0x0000000082100000|100%| O|  |TAMS 0x0000000082100000, 0x0000000082100000| Untracked 
|  33|0x0000000082100000, 0x0000000082200000, 0x0000000082200000|100%| O|  |TAMS 0x0000000082200000, 0x0000000082200000| Untracked 
|  34|0x0000000082200000, 0x0000000082300000, 0x0000000082300000|100%| O|  |TAMS 0x0000000082300000, 0x0000000082300000| Untracked 
|  35|0x0000000082300000, 0x0000000082400000, 0x0000000082400000|100%| O|  |TAMS 0x0000000082400000, 0x0000000082400000| Untracked 
|  36|0x0000000082400000, 0x0000000082500000, 0x0000000082500000|100%| O|  |TAMS 0x0000000082500000, 0x0000000082500000| Untracked 
|  37|0x0000000082500000, 0x0000000082600000, 0x0000000082600000|100%| O|  |TAMS 0x0000000082600000, 0x0000000082600000| Untracked 
|  38|0x0000000082600000, 0x0000000082700000, 0x0000000082700000|100%| O|  |TAMS 0x0000000082700000, 0x0000000082700000| Untracked 
|  39|0x0000000082700000, 0x0000000082800000, 0x0000000082800000|100%| O|  |TAMS 0x0000000082800000, 0x0000000082800000| Untracked 
|  40|0x0000000082800000, 0x0000000082900000, 0x0000000082900000|100%| O|  |TAMS 0x0000000082800000, 0x0000000082900000| Untracked 
|  41|0x0000000082900000, 0x0000000082a00000, 0x0000000082a00000|100%| O|  |TAMS 0x0000000082900000, 0x0000000082a00000| Untracked 
|  42|0x0000000082a00000, 0x0000000082b00000, 0x0000000082b00000|100%| O|  |TAMS 0x0000000082b00000, 0x0000000082b00000| Untracked 
|  43|0x0000000082b00000, 0x0000000082c00000, 0x0000000082c00000|100%| O|  |TAMS 0x0000000082c00000, 0x0000000082c00000| Untracked 
|  44|0x0000000082c00000, 0x0000000082d00000, 0x0000000082d00000|100%| O|  |TAMS 0x0000000082d00000, 0x0000000082d00000| Untracked 
|  45|0x0000000082d00000, 0x0000000082e00000, 0x0000000082e00000|100%| O|  |TAMS 0x0000000082e00000, 0x0000000082e00000| Untracked 
|  46|0x0000000082e00000, 0x0000000082f00000, 0x0000000082f00000|100%| O|  |TAMS 0x0000000082e00000, 0x0000000082f00000| Untracked 
|  47|0x0000000082f00000, 0x0000000083000000, 0x0000000083000000|100%| O|  |TAMS 0x0000000083000000, 0x0000000083000000| Untracked 
|  48|0x0000000083000000, 0x0000000083100000, 0x0000000083100000|100%| O|  |TAMS 0x0000000083100000, 0x0000000083100000| Untracked 
|  49|0x0000000083100000, 0x0000000083200000, 0x0000000083200000|100%| O|  |TAMS 0x0000000083100000, 0x0000000083200000| Untracked 
|  50|0x0000000083200000, 0x0000000083300000, 0x0000000083300000|100%| O|  |TAMS 0x0000000083300000, 0x0000000083300000| Untracked 
|  51|0x0000000083300000, 0x0000000083400000, 0x0000000083400000|100%| O|  |TAMS 0x0000000083400000, 0x0000000083400000| Untracked 
|  52|0x0000000083400000, 0x0000000083500000, 0x0000000083500000|100%| O|  |TAMS 0x0000000083500000, 0x0000000083500000| Untracked 
|  53|0x0000000083500000, 0x0000000083600000, 0x0000000083600000|100%| O|  |TAMS 0x0000000083600000, 0x0000000083600000| Untracked 
|  54|0x0000000083600000, 0x0000000083700000, 0x0000000083700000|100%| O|  |TAMS 0x0000000083700000, 0x0000000083700000| Untracked 
|  55|0x0000000083700000, 0x0000000083800000, 0x0000000083800000|100%| O|  |TAMS 0x0000000083800000, 0x0000000083800000| Untracked 
|  56|0x0000000083800000, 0x0000000083900000, 0x0000000083900000|100%| O|  |TAMS 0x0000000083800000, 0x0000000083900000| Untracked 
|  57|0x0000000083900000, 0x0000000083a00000, 0x0000000083a00000|100%| O|  |TAMS 0x0000000083a00000, 0x0000000083a00000| Untracked 
|  58|0x0000000083a00000, 0x0000000083b00000, 0x0000000083b00000|100%| O|  |TAMS 0x0000000083b00000, 0x0000000083b00000| Untracked 
|  59|0x0000000083b00000, 0x0000000083c00000, 0x0000000083c00000|100%| O|  |TAMS 0x0000000083c00000, 0x0000000083c00000| Untracked 
|  60|0x0000000083c00000, 0x0000000083d00000, 0x0000000083d00000|100%| O|  |TAMS 0x0000000083d00000, 0x0000000083d00000| Untracked 
|  61|0x0000000083d00000, 0x0000000083e00000, 0x0000000083e00000|100%| O|  |TAMS 0x0000000083e00000, 0x0000000083e00000| Untracked 
|  62|0x0000000083e00000, 0x0000000083f00000, 0x0000000083f00000|100%| O|  |TAMS 0x0000000083f00000, 0x0000000083f00000| Untracked 
|  63|0x0000000083f00000, 0x0000000084000000, 0x0000000084000000|100%| O|  |TAMS 0x0000000084000000, 0x0000000084000000| Untracked 
|  64|0x0000000084000000, 0x0000000084100000, 0x0000000084100000|100%| O|  |TAMS 0x0000000084100000, 0x0000000084100000| Untracked 
|  65|0x0000000084100000, 0x0000000084200000, 0x0000000084200000|100%| O|  |TAMS 0x0000000084200000, 0x0000000084200000| Untracked 
|  66|0x0000000084200000, 0x0000000084300000, 0x0000000084300000|100%| O|  |TAMS 0x0000000084300000, 0x0000000084300000| Untracked 
|  67|0x0000000084300000, 0x0000000084400000, 0x0000000084400000|100%| O|  |TAMS 0x0000000084400000, 0x0000000084400000| Untracked 
|  68|0x0000000084400000, 0x0000000084500000, 0x0000000084500000|100%| O|  |TAMS 0x0000000084500000, 0x0000000084500000| Untracked 
|  69|0x0000000084500000, 0x0000000084600000, 0x0000000084600000|100%| O|  |TAMS 0x0000000084600000, 0x0000000084600000| Untracked 
|  70|0x0000000084600000, 0x0000000084700000, 0x0000000084700000|100%| O|  |TAMS 0x0000000084700000, 0x0000000084700000| Untracked 
|  71|0x0000000084700000, 0x0000000084800000, 0x0000000084800000|100%| O|  |TAMS 0x0000000084700000, 0x0000000084800000| Untracked 
|  72|0x0000000084800000, 0x0000000084900000, 0x0000000084900000|100%| O|  |TAMS 0x0000000084900000, 0x0000000084900000| Untracked 
|  73|0x0000000084900000, 0x0000000084a00000, 0x0000000084a00000|100%|HS|  |TAMS 0x0000000084a00000, 0x0000000084a00000| Complete 
|  74|0x0000000084a00000, 0x0000000084b00000, 0x0000000084b00000|100%|HC|  |TAMS 0x0000000084b00000, 0x0000000084b00000| Complete 
|  75|0x0000000084b00000, 0x0000000084c00000, 0x0000000084c00000|100%|HC|  |TAMS 0x0000000084c00000, 0x0000000084c00000| Complete 
|  76|0x0000000084c00000, 0x0000000084d00000, 0x0000000084d00000|100%| O|  |TAMS 0x0000000084c00000, 0x0000000084d00000| Untracked 
|  77|0x0000000084d00000, 0x0000000084e00000, 0x0000000084e00000|100%| O|  |TAMS 0x0000000084e00000, 0x0000000084e00000| Untracked 
|  78|0x0000000084e00000, 0x0000000084f00000, 0x0000000084f00000|100%| O|  |TAMS 0x0000000084f00000, 0x0000000084f00000| Untracked 
|  79|0x0000000084f00000, 0x0000000085000000, 0x0000000085000000|100%| O|  |TAMS 0x0000000084f00000, 0x0000000085000000| Untracked 
|  80|0x0000000085000000, 0x0000000085100000, 0x0000000085100000|100%| O|  |TAMS 0x0000000085100000, 0x0000000085100000| Untracked 
|  81|0x0000000085100000, 0x0000000085200000, 0x0000000085200000|100%| O|  |TAMS 0x0000000085100000, 0x0000000085200000| Untracked 
|  82|0x0000000085200000, 0x0000000085300000, 0x0000000085300000|100%| O|  |TAMS 0x0000000085300000, 0x0000000085300000| Untracked 
|  83|0x0000000085300000, 0x0000000085400000, 0x0000000085400000|100%| O|  |TAMS 0x0000000085400000, 0x0000000085400000| Untracked 
|  84|0x0000000085400000, 0x0000000085500000, 0x0000000085500000|100%| O|  |TAMS 0x0000000085500000, 0x0000000085500000| Untracked 
|  85|0x0000000085500000, 0x0000000085600000, 0x0000000085600000|100%| O|  |TAMS 0x0000000085600000, 0x0000000085600000| Untracked 
|  86|0x0000000085600000, 0x0000000085700000, 0x0000000085700000|100%| O|  |TAMS 0x0000000085700000, 0x0000000085700000| Untracked 
|  87|0x0000000085700000, 0x0000000085800000, 0x0000000085800000|100%| O|  |TAMS 0x0000000085800000, 0x0000000085800000| Untracked 
|  88|0x0000000085800000, 0x0000000085900000, 0x0000000085900000|100%|HS|  |TAMS 0x0000000085900000, 0x0000000085900000| Complete 
|  89|0x0000000085900000, 0x0000000085a00000, 0x0000000085a00000|100%|HC|  |TAMS 0x0000000085a00000, 0x0000000085a00000| Complete 
|  90|0x0000000085a00000, 0x0000000085b00000, 0x0000000085b00000|100%| O|  |TAMS 0x0000000085b00000, 0x0000000085b00000| Untracked 
|  91|0x0000000085b00000, 0x0000000085c00000, 0x0000000085c00000|100%| O|  |TAMS 0x0000000085c00000, 0x0000000085c00000| Untracked 
|  92|0x0000000085c00000, 0x0000000085d00000, 0x0000000085d00000|100%| O|  |TAMS 0x0000000085d00000, 0x0000000085d00000| Untracked 
|  93|0x0000000085d00000, 0x0000000085e00000, 0x0000000085e00000|100%| O|  |TAMS 0x0000000085e00000, 0x0000000085e00000| Untracked 
|  94|0x0000000085e00000, 0x0000000085f00000, 0x0000000085f00000|100%| O|  |TAMS 0x0000000085f00000, 0x0000000085f00000| Untracked 
|  95|0x0000000085f00000, 0x0000000086000000, 0x0000000086000000|100%| O|  |TAMS 0x0000000086000000, 0x0000000086000000| Untracked 
|  96|0x0000000086000000, 0x0000000086100000, 0x0000000086100000|100%| O|  |TAMS 0x0000000086100000, 0x0000000086100000| Untracked 
|  97|0x0000000086100000, 0x0000000086200000, 0x0000000086200000|100%| O|  |TAMS 0x0000000086200000, 0x0000000086200000| Untracked 
|  98|0x0000000086200000, 0x0000000086300000, 0x0000000086300000|100%| O|  |TAMS 0x0000000086300000, 0x0000000086300000| Untracked 
|  99|0x0000000086300000, 0x0000000086400000, 0x0000000086400000|100%| O|  |TAMS 0x0000000086400000, 0x0000000086400000| Untracked 
| 100|0x0000000086400000, 0x0000000086500000, 0x0000000086500000|100%| O|  |TAMS 0x0000000086500000, 0x0000000086500000| Untracked 
| 101|0x0000000086500000, 0x0000000086600000, 0x0000000086600000|100%| O|  |TAMS 0x0000000086600000, 0x0000000086600000| Untracked 
| 102|0x0000000086600000, 0x0000000086700000, 0x0000000086700000|100%| O|  |TAMS 0x0000000086700000, 0x0000000086700000| Untracked 
| 103|0x0000000086700000, 0x0000000086800000, 0x0000000086800000|100%| O|  |TAMS 0x0000000086800000, 0x0000000086800000| Untracked 
| 104|0x0000000086800000, 0x0000000086900000, 0x0000000086900000|100%| O|  |TAMS 0x0000000086900000, 0x0000000086900000| Untracked 
| 105|0x0000000086900000, 0x0000000086a00000, 0x0000000086a00000|100%| O|  |TAMS 0x0000000086a00000, 0x0000000086a00000| Untracked 
| 106|0x0000000086a00000, 0x0000000086b00000, 0x0000000086b00000|100%| O|  |TAMS 0x0000000086b00000, 0x0000000086b00000| Untracked 
| 107|0x0000000086b00000, 0x0000000086c00000, 0x0000000086c00000|100%|HS|  |TAMS 0x0000000086c00000, 0x0000000086c00000| Complete 
| 108|0x0000000086c00000, 0x0000000086d00000, 0x0000000086d00000|100%|HC|  |TAMS 0x0000000086d00000, 0x0000000086d00000| Complete 
| 109|0x0000000086d00000, 0x0000000086e00000, 0x0000000086e00000|100%|HC|  |TAMS 0x0000000086e00000, 0x0000000086e00000| Complete 
| 110|0x0000000086e00000, 0x0000000086f00000, 0x0000000086f00000|100%| O|  |TAMS 0x0000000086f00000, 0x0000000086f00000| Untracked 
| 111|0x0000000086f00000, 0x0000000087000000, 0x0000000087000000|100%| O|  |TAMS 0x0000000087000000, 0x0000000087000000| Untracked 
| 112|0x0000000087000000, 0x0000000087100000, 0x0000000087100000|100%| O|  |TAMS 0x0000000087100000, 0x0000000087100000| Untracked 
| 113|0x0000000087100000, 0x0000000087200000, 0x0000000087200000|100%| O|  |TAMS 0x0000000087200000, 0x0000000087200000| Untracked 
| 114|0x0000000087200000, 0x0000000087300000, 0x0000000087300000|100%| O|  |TAMS 0x0000000087300000, 0x0000000087300000| Untracked 
| 115|0x0000000087300000, 0x0000000087400000, 0x0000000087400000|100%| O|  |TAMS 0x0000000087400000, 0x0000000087400000| Untracked 
| 116|0x0000000087400000, 0x0000000087500000, 0x0000000087500000|100%| O|  |TAMS 0x0000000087500000, 0x0000000087500000| Untracked 
| 117|0x0000000087500000, 0x0000000087600000, 0x0000000087600000|100%| O|  |TAMS 0x0000000087600000, 0x0000000087600000| Untracked 
| 118|0x0000000087600000, 0x0000000087677200, 0x0000000087700000| 46%| O|  |TAMS 0x0000000087600000, 0x0000000087677200| Untracked 
| 119|0x0000000087700000, 0x0000000087800000, 0x0000000087800000|100%| O|  |TAMS 0x0000000087800000, 0x0000000087800000| Untracked 
| 120|0x0000000087800000, 0x0000000087900000, 0x0000000087900000|100%| O|  |TAMS 0x0000000087900000, 0x0000000087900000| Untracked 
| 121|0x0000000087900000, 0x0000000087a00000, 0x0000000087a00000|100%| O|  |TAMS 0x0000000087a00000, 0x0000000087a00000| Untracked 
| 122|0x0000000087a00000, 0x0000000087a00000, 0x0000000087b00000|  0%| F|  |TAMS 0x0000000087a00000, 0x0000000087a00000| Untracked 
| 123|0x0000000087b00000, 0x0000000087b00000, 0x0000000087c00000|  0%| F|  |TAMS 0x0000000087b00000, 0x0000000087b00000| Untracked 
| 124|0x0000000087c00000, 0x0000000087d00000, 0x0000000087d00000|100%| O|  |TAMS 0x0000000087d00000, 0x0000000087d00000| Untracked 
| 125|0x0000000087d00000, 0x0000000087e00000, 0x0000000087e00000|100%| O|  |TAMS 0x0000000087e00000, 0x0000000087e00000| Untracked 
| 126|0x0000000087e00000, 0x0000000087f00000, 0x0000000087f00000|100%| O|  |TAMS 0x0000000087f00000, 0x0000000087f00000| Untracked 
| 127|0x0000000087f00000, 0x0000000087f00000, 0x0000000088000000|  0%| F|  |TAMS 0x0000000087f00000, 0x0000000087f00000| Untracked 
| 128|0x0000000088000000, 0x0000000088100000, 0x0000000088100000|100%| O|  |TAMS 0x0000000088100000, 0x0000000088100000| Untracked 
| 129|0x0000000088100000, 0x0000000088200000, 0x0000000088200000|100%| O|  |TAMS 0x0000000088200000, 0x0000000088200000| Untracked 
| 130|0x0000000088200000, 0x0000000088300000, 0x0000000088300000|100%| O|  |TAMS 0x0000000088300000, 0x0000000088300000| Untracked 
| 131|0x0000000088300000, 0x0000000088400000, 0x0000000088400000|100%| O|  |TAMS 0x0000000088400000, 0x0000000088400000| Untracked 
| 132|0x0000000088400000, 0x0000000088500000, 0x0000000088500000|100%| O|  |TAMS 0x0000000088500000, 0x0000000088500000| Untracked 
| 133|0x0000000088500000, 0x0000000088600000, 0x0000000088600000|100%| O|  |TAMS 0x0000000088600000, 0x0000000088600000| Untracked 
| 134|0x0000000088600000, 0x0000000088700000, 0x0000000088700000|100%| O|  |TAMS 0x0000000088700000, 0x0000000088700000| Untracked 
| 135|0x0000000088700000, 0x0000000088800000, 0x0000000088800000|100%| O|  |TAMS 0x0000000088800000, 0x0000000088800000| Untracked 
| 136|0x0000000088800000, 0x0000000088800000, 0x0000000088900000|  0%| F|  |TAMS 0x0000000088800000, 0x0000000088800000| Untracked 
| 137|0x0000000088900000, 0x0000000088a00000, 0x0000000088a00000|100%|HS|  |TAMS 0x0000000088a00000, 0x0000000088a00000| Complete 
| 138|0x0000000088a00000, 0x0000000088b00000, 0x0000000088b00000|100%|HC|  |TAMS 0x0000000088b00000, 0x0000000088b00000| Complete 
| 139|0x0000000088b00000, 0x0000000088c00000, 0x0000000088c00000|100%|HC|  |TAMS 0x0000000088c00000, 0x0000000088c00000| Complete 
| 140|0x0000000088c00000, 0x0000000088d00000, 0x0000000088d00000|100%|HC|  |TAMS 0x0000000088d00000, 0x0000000088d00000| Complete 
| 141|0x0000000088d00000, 0x0000000088e00000, 0x0000000088e00000|100%|HC|  |TAMS 0x0000000088e00000, 0x0000000088e00000| Complete 
| 142|0x0000000088e00000, 0x0000000088f00000, 0x0000000088f00000|100%| O|  |TAMS 0x0000000088f00000, 0x0000000088f00000| Untracked 
| 143|0x0000000088f00000, 0x0000000089000000, 0x0000000089000000|100%| O|  |TAMS 0x0000000089000000, 0x0000000089000000| Untracked 
| 144|0x0000000089000000, 0x0000000089000000, 0x0000000089100000|  0%| F|  |TAMS 0x0000000089000000, 0x0000000089000000| Untracked 
| 145|0x0000000089100000, 0x0000000089200000, 0x0000000089200000|100%| O|  |TAMS 0x0000000089200000, 0x0000000089200000| Untracked 
| 146|0x0000000089200000, 0x0000000089300000, 0x0000000089300000|100%| O|  |TAMS 0x0000000089300000, 0x0000000089300000| Untracked 
| 147|0x0000000089300000, 0x0000000089400000, 0x0000000089400000|100%| O|  |TAMS 0x0000000089400000, 0x0000000089400000| Untracked 
| 148|0x0000000089400000, 0x0000000089500000, 0x0000000089500000|100%| O|  |TAMS 0x0000000089500000, 0x0000000089500000| Untracked 
| 149|0x0000000089500000, 0x0000000089600000, 0x0000000089600000|100%| O|  |TAMS 0x0000000089600000, 0x0000000089600000| Untracked 
| 150|0x0000000089600000, 0x0000000089600000, 0x0000000089700000|  0%| F|  |TAMS 0x0000000089600000, 0x0000000089600000| Untracked 
| 151|0x0000000089700000, 0x0000000089800000, 0x0000000089800000|100%| O|  |TAMS 0x0000000089800000, 0x0000000089800000| Untracked 
| 152|0x0000000089800000, 0x0000000089900000, 0x0000000089900000|100%| O|  |TAMS 0x000000008982be00, 0x0000000089900000| Untracked 
| 153|0x0000000089900000, 0x0000000089900000, 0x0000000089a00000|  0%| F|  |TAMS 0x0000000089900000, 0x0000000089900000| Untracked 
| 154|0x0000000089a00000, 0x0000000089b00000, 0x0000000089b00000|100%| O|  |TAMS 0x0000000089b00000, 0x0000000089b00000| Untracked 
| 155|0x0000000089b00000, 0x0000000089c00000, 0x0000000089c00000|100%| O|  |TAMS 0x0000000089c00000, 0x0000000089c00000| Untracked 
| 156|0x0000000089c00000, 0x0000000089d00000, 0x0000000089d00000|100%| O|  |TAMS 0x0000000089d00000, 0x0000000089d00000| Untracked 
| 157|0x0000000089d00000, 0x0000000089e00000, 0x0000000089e00000|100%| O|  |TAMS 0x0000000089e00000, 0x0000000089e00000| Untracked 
| 158|0x0000000089e00000, 0x0000000089f00000, 0x0000000089f00000|100%| O|  |TAMS 0x0000000089f00000, 0x0000000089f00000| Untracked 
| 159|0x0000000089f00000, 0x0000000089f00000, 0x000000008a000000|  0%| F|  |TAMS 0x0000000089f00000, 0x0000000089f00000| Untracked 
| 160|0x000000008a000000, 0x000000008a000000, 0x000000008a100000|  0%| F|  |TAMS 0x000000008a000000, 0x000000008a000000| Untracked 
| 161|0x000000008a100000, 0x000000008a100000, 0x000000008a200000|  0%| F|  |TAMS 0x000000008a100000, 0x000000008a100000| Untracked 
| 162|0x000000008a200000, 0x000000008a300000, 0x000000008a300000|100%| O|  |TAMS 0x000000008a300000, 0x000000008a300000| Untracked 
| 163|0x000000008a300000, 0x000000008a400000, 0x000000008a400000|100%| O|  |TAMS 0x000000008a400000, 0x000000008a400000| Untracked 
| 164|0x000000008a400000, 0x000000008a400000, 0x000000008a500000|  0%| F|  |TAMS 0x000000008a400000, 0x000000008a400000| Untracked 
| 165|0x000000008a500000, 0x000000008a500000, 0x000000008a600000|  0%| F|  |TAMS 0x000000008a500000, 0x000000008a500000| Untracked 
| 166|0x000000008a600000, 0x000000008a600000, 0x000000008a700000|  0%| F|  |TAMS 0x000000008a600000, 0x000000008a600000| Untracked 
| 167|0x000000008a700000, 0x000000008a800000, 0x000000008a800000|100%| O|  |TAMS 0x000000008a800000, 0x000000008a800000| Untracked 
| 168|0x000000008a800000, 0x000000008a800000, 0x000000008a900000|  0%| F|  |TAMS 0x000000008a800000, 0x000000008a800000| Untracked 
| 169|0x000000008a900000, 0x000000008a900000, 0x000000008aa00000|  0%| F|  |TAMS 0x000000008a900000, 0x000000008a900000| Untracked 
| 170|0x000000008aa00000, 0x000000008aa00000, 0x000000008ab00000|  0%| F|  |TAMS 0x000000008aa00000, 0x000000008aa00000| Untracked 
| 171|0x000000008ab00000, 0x000000008ab00000, 0x000000008ac00000|  0%| F|  |TAMS 0x000000008ab00000, 0x000000008ab00000| Untracked 
| 172|0x000000008ac00000, 0x000000008ac00000, 0x000000008ad00000|  0%| F|  |TAMS 0x000000008ac00000, 0x000000008ac00000| Untracked 
| 173|0x000000008ad00000, 0x000000008ad00000, 0x000000008ae00000|  0%| F|  |TAMS 0x000000008ad00000, 0x000000008ad00000| Untracked 
| 174|0x000000008ae00000, 0x000000008af00000, 0x000000008af00000|100%| O|  |TAMS 0x000000008af00000, 0x000000008af00000| Untracked 
| 175|0x000000008af00000, 0x000000008af00000, 0x000000008b000000|  0%| F|  |TAMS 0x000000008af00000, 0x000000008af00000| Untracked 
| 176|0x000000008b000000, 0x000000008b000000, 0x000000008b100000|  0%| F|  |TAMS 0x000000008b000000, 0x000000008b000000| Untracked 
| 177|0x000000008b100000, 0x000000008b100000, 0x000000008b200000|  0%| F|  |TAMS 0x000000008b100000, 0x000000008b100000| Untracked 
| 178|0x000000008b200000, 0x000000008b300000, 0x000000008b300000|100%| O|  |TAMS 0x000000008b300000, 0x000000008b300000| Untracked 
| 179|0x000000008b300000, 0x000000008b300000, 0x000000008b400000|  0%| F|  |TAMS 0x000000008b300000, 0x000000008b300000| Untracked 
| 180|0x000000008b400000, 0x000000008b400000, 0x000000008b500000|  0%| F|  |TAMS 0x000000008b400000, 0x000000008b400000| Untracked 
| 181|0x000000008b500000, 0x000000008b600000, 0x000000008b600000|100%| O|  |TAMS 0x000000008b600000, 0x000000008b600000| Untracked 
| 182|0x000000008b600000, 0x000000008b600000, 0x000000008b700000|  0%| F|  |TAMS 0x000000008b600000, 0x000000008b600000| Untracked 
| 183|0x000000008b700000, 0x000000008b700000, 0x000000008b800000|  0%| F|  |TAMS 0x000000008b700000, 0x000000008b700000| Untracked 
| 184|0x000000008b800000, 0x000000008b800000, 0x000000008b900000|  0%| F|  |TAMS 0x000000008b800000, 0x000000008b800000| Untracked 
| 185|0x000000008b900000, 0x000000008b900000, 0x000000008ba00000|  0%| F|  |TAMS 0x000000008b900000, 0x000000008b900000| Untracked 
| 186|0x000000008ba00000, 0x000000008bb00000, 0x000000008bb00000|100%| O|  |TAMS 0x000000008bb00000, 0x000000008bb00000| Untracked 
| 187|0x000000008bb00000, 0x000000008bb00000, 0x000000008bc00000|  0%| F|  |TAMS 0x000000008bb00000, 0x000000008bb00000| Untracked 
| 188|0x000000008bc00000, 0x000000008bc00000, 0x000000008bd00000|  0%| F|  |TAMS 0x000000008bc00000, 0x000000008bc00000| Untracked 
| 189|0x000000008bd00000, 0x000000008be00000, 0x000000008be00000|100%|HS|  |TAMS 0x000000008bd00000, 0x000000008be00000| Complete 
| 190|0x000000008be00000, 0x000000008bf00000, 0x000000008bf00000|100%|HC|  |TAMS 0x000000008be00000, 0x000000008bf00000| Complete 
| 191|0x000000008bf00000, 0x000000008c000000, 0x000000008c000000|100%|HC|  |TAMS 0x000000008bf00000, 0x000000008c000000| Complete 
| 192|0x000000008c000000, 0x000000008c100000, 0x000000008c100000|100%|HC|  |TAMS 0x000000008c000000, 0x000000008c100000| Complete 
| 193|0x000000008c100000, 0x000000008c200000, 0x000000008c200000|100%|HC|  |TAMS 0x000000008c100000, 0x000000008c200000| Complete 
| 194|0x000000008c200000, 0x000000008c200000, 0x000000008c300000|  0%| F|  |TAMS 0x000000008c200000, 0x000000008c200000| Untracked 
| 195|0x000000008c300000, 0x000000008c300000, 0x000000008c400000|  0%| F|  |TAMS 0x000000008c300000, 0x000000008c300000| Untracked 
| 196|0x000000008c400000, 0x000000008c400000, 0x000000008c500000|  0%| F|  |TAMS 0x000000008c400000, 0x000000008c400000| Untracked 
| 197|0x000000008c500000, 0x000000008c500000, 0x000000008c600000|  0%| F|  |TAMS 0x000000008c500000, 0x000000008c500000| Untracked 
| 198|0x000000008c600000, 0x000000008c600000, 0x000000008c700000|  0%| F|  |TAMS 0x000000008c600000, 0x000000008c600000| Untracked 
| 199|0x000000008c700000, 0x000000008c700000, 0x000000008c800000|  0%| F|  |TAMS 0x000000008c700000, 0x000000008c700000| Untracked 
| 200|0x000000008c800000, 0x000000008c800000, 0x000000008c900000|  0%| F|  |TAMS 0x000000008c800000, 0x000000008c800000| Untracked 
| 201|0x000000008c900000, 0x000000008c900000, 0x000000008ca00000|  0%| F|  |TAMS 0x000000008c900000, 0x000000008c900000| Untracked 
| 202|0x000000008ca00000, 0x000000008ca00000, 0x000000008cb00000|  0%| F|  |TAMS 0x000000008ca00000, 0x000000008ca00000| Untracked 
| 203|0x000000008cb00000, 0x000000008cb00000, 0x000000008cc00000|  0%| F|  |TAMS 0x000000008cb00000, 0x000000008cb00000| Untracked 
| 204|0x000000008cc00000, 0x000000008cc00000, 0x000000008cd00000|  0%| F|  |TAMS 0x000000008cc00000, 0x000000008cc00000| Untracked 
| 205|0x000000008cd00000, 0x000000008cd00000, 0x000000008ce00000|  0%| F|  |TAMS 0x000000008cd00000, 0x000000008cd00000| Untracked 
| 206|0x000000008ce00000, 0x000000008ce00000, 0x000000008cf00000|  0%| F|  |TAMS 0x000000008ce00000, 0x000000008ce00000| Untracked 
| 207|0x000000008cf00000, 0x000000008cf00000, 0x000000008d000000|  0%| F|  |TAMS 0x000000008cf00000, 0x000000008cf00000| Untracked 
| 208|0x000000008d000000, 0x000000008d000000, 0x000000008d100000|  0%| F|  |TAMS 0x000000008d000000, 0x000000008d000000| Untracked 
| 209|0x000000008d100000, 0x000000008d100000, 0x000000008d200000|  0%| F|  |TAMS 0x000000008d100000, 0x000000008d100000| Untracked 
| 210|0x000000008d200000, 0x000000008d200000, 0x000000008d300000|  0%| F|  |TAMS 0x000000008d200000, 0x000000008d200000| Untracked 
| 211|0x000000008d300000, 0x000000008d300000, 0x000000008d400000|  0%| F|  |TAMS 0x000000008d300000, 0x000000008d300000| Untracked 
| 212|0x000000008d400000, 0x000000008d400000, 0x000000008d500000|  0%| F|  |TAMS 0x000000008d400000, 0x000000008d400000| Untracked 
| 213|0x000000008d500000, 0x000000008d500000, 0x000000008d600000|  0%| F|  |TAMS 0x000000008d500000, 0x000000008d500000| Untracked 
| 214|0x000000008d600000, 0x000000008d600000, 0x000000008d700000|  0%| F|  |TAMS 0x000000008d600000, 0x000000008d600000| Untracked 
| 215|0x000000008d700000, 0x000000008d700000, 0x000000008d800000|  0%| F|  |TAMS 0x000000008d700000, 0x000000008d700000| Untracked 
| 216|0x000000008d800000, 0x000000008d80c8a8, 0x000000008d900000|  4%| S|CS|TAMS 0x000000008d800000, 0x000000008d800000| Complete 
| 217|0x000000008d900000, 0x000000008da00000, 0x000000008da00000|100%| S|CS|TAMS 0x000000008d900000, 0x000000008d900000| Complete 
| 218|0x000000008da00000, 0x000000008db00000, 0x000000008db00000|100%| S|CS|TAMS 0x000000008da00000, 0x000000008da00000| Complete 
| 219|0x000000008db00000, 0x000000008dc00000, 0x000000008dc00000|100%| S|CS|TAMS 0x000000008db00000, 0x000000008db00000| Complete 
| 220|0x000000008dc00000, 0x000000008dd00000, 0x000000008dd00000|100%| S|CS|TAMS 0x000000008dc00000, 0x000000008dc00000| Complete 
| 221|0x000000008dd00000, 0x000000008de00000, 0x000000008de00000|100%| S|CS|TAMS 0x000000008dd00000, 0x000000008dd00000| Complete 
| 222|0x000000008de00000, 0x000000008df00000, 0x000000008df00000|100%| S|CS|TAMS 0x000000008de00000, 0x000000008de00000| Complete 
| 223|0x000000008df00000, 0x000000008df00000, 0x000000008e000000|  0%| F|  |TAMS 0x000000008df00000, 0x000000008df00000| Untracked 
| 224|0x000000008e000000, 0x000000008e000000, 0x000000008e100000|  0%| F|  |TAMS 0x000000008e000000, 0x000000008e000000| Untracked 
| 225|0x000000008e100000, 0x000000008e100000, 0x000000008e200000|  0%| F|  |TAMS 0x000000008e100000, 0x000000008e100000| Untracked 
| 226|0x000000008e200000, 0x000000008e200000, 0x000000008e300000|  0%| F|  |TAMS 0x000000008e200000, 0x000000008e200000| Untracked 
| 227|0x000000008e300000, 0x000000008e300000, 0x000000008e400000|  0%| F|  |TAMS 0x000000008e300000, 0x000000008e300000| Untracked 
| 228|0x000000008e400000, 0x000000008e400000, 0x000000008e500000|  0%| F|  |TAMS 0x000000008e400000, 0x000000008e400000| Untracked 
| 229|0x000000008e500000, 0x000000008e500000, 0x000000008e600000|  0%| F|  |TAMS 0x000000008e500000, 0x000000008e500000| Untracked 
| 230|0x000000008e600000, 0x000000008e600000, 0x000000008e700000|  0%| F|  |TAMS 0x000000008e600000, 0x000000008e600000| Untracked 
| 231|0x000000008e700000, 0x000000008e700000, 0x000000008e800000|  0%| F|  |TAMS 0x000000008e700000, 0x000000008e700000| Untracked 
| 232|0x000000008e800000, 0x000000008e800000, 0x000000008e900000|  0%| F|  |TAMS 0x000000008e800000, 0x000000008e800000| Untracked 
| 233|0x000000008e900000, 0x000000008e900000, 0x000000008ea00000|  0%| F|  |TAMS 0x000000008e900000, 0x000000008e900000| Untracked 
| 234|0x000000008ea00000, 0x000000008ea00000, 0x000000008eb00000|  0%| F|  |TAMS 0x000000008ea00000, 0x000000008ea00000| Untracked 
| 235|0x000000008eb00000, 0x000000008eb00000, 0x000000008ec00000|  0%| F|  |TAMS 0x000000008eb00000, 0x000000008eb00000| Untracked 
| 236|0x000000008ec00000, 0x000000008ec00000, 0x000000008ed00000|  0%| F|  |TAMS 0x000000008ec00000, 0x000000008ec00000| Untracked 
| 237|0x000000008ed00000, 0x000000008ed00000, 0x000000008ee00000|  0%| F|  |TAMS 0x000000008ed00000, 0x000000008ed00000| Untracked 
| 238|0x000000008ee00000, 0x000000008ee00000, 0x000000008ef00000|  0%| F|  |TAMS 0x000000008ee00000, 0x000000008ee00000| Untracked 
| 239|0x000000008ef00000, 0x000000008ef00000, 0x000000008f000000|  0%| F|  |TAMS 0x000000008ef00000, 0x000000008ef00000| Untracked 
| 240|0x000000008f000000, 0x000000008f000000, 0x000000008f100000|  0%| F|  |TAMS 0x000000008f000000, 0x000000008f000000| Untracked 
| 241|0x000000008f100000, 0x000000008f100000, 0x000000008f200000|  0%| F|  |TAMS 0x000000008f100000, 0x000000008f100000| Untracked 
| 242|0x000000008f200000, 0x000000008f200000, 0x000000008f300000|  0%| F|  |TAMS 0x000000008f200000, 0x000000008f200000| Untracked 
| 243|0x000000008f300000, 0x000000008f300000, 0x000000008f400000|  0%| F|  |TAMS 0x000000008f300000, 0x000000008f300000| Untracked 
| 244|0x000000008f400000, 0x000000008f400000, 0x000000008f500000|  0%| F|  |TAMS 0x000000008f400000, 0x000000008f400000| Untracked 
| 245|0x000000008f500000, 0x000000008f500000, 0x000000008f600000|  0%| F|  |TAMS 0x000000008f500000, 0x000000008f500000| Untracked 
| 246|0x000000008f600000, 0x000000008f600000, 0x000000008f700000|  0%| F|  |TAMS 0x000000008f600000, 0x000000008f600000| Untracked 
| 247|0x000000008f700000, 0x000000008f700000, 0x000000008f800000|  0%| F|  |TAMS 0x000000008f700000, 0x000000008f700000| Untracked 
| 248|0x000000008f800000, 0x000000008f800000, 0x000000008f900000|  0%| F|  |TAMS 0x000000008f800000, 0x000000008f800000| Untracked 
| 249|0x000000008f900000, 0x000000008f900000, 0x000000008fa00000|  0%| F|  |TAMS 0x000000008f900000, 0x000000008f900000| Untracked 
| 250|0x000000008fa00000, 0x000000008fa00000, 0x000000008fb00000|  0%| F|  |TAMS 0x000000008fa00000, 0x000000008fa00000| Untracked 
| 251|0x000000008fb00000, 0x000000008fb00000, 0x000000008fc00000|  0%| F|  |TAMS 0x000000008fb00000, 0x000000008fb00000| Untracked 
| 252|0x000000008fc00000, 0x000000008fc00000, 0x000000008fd00000|  0%| F|  |TAMS 0x000000008fc00000, 0x000000008fc00000| Untracked 
| 253|0x000000008fd00000, 0x000000008fd00000, 0x000000008fe00000|  0%| F|  |TAMS 0x000000008fd00000, 0x000000008fd00000| Untracked 
| 254|0x000000008fe00000, 0x000000008fe00000, 0x000000008ff00000|  0%| F|  |TAMS 0x000000008fe00000, 0x000000008fe00000| Untracked 
| 255|0x000000008ff00000, 0x000000008ff00000, 0x0000000090000000|  0%| F|  |TAMS 0x000000008ff00000, 0x000000008ff00000| Untracked 
| 256|0x0000000090000000, 0x0000000090000000, 0x0000000090100000|  0%| F|  |TAMS 0x0000000090000000, 0x0000000090000000| Untracked 
| 257|0x0000000090100000, 0x0000000090100000, 0x0000000090200000|  0%| F|  |TAMS 0x0000000090100000, 0x0000000090100000| Untracked 
| 258|0x0000000090200000, 0x0000000090200000, 0x0000000090300000|  0%| F|  |TAMS 0x0000000090200000, 0x0000000090200000| Untracked 
| 259|0x0000000090300000, 0x0000000090300000, 0x0000000090400000|  0%| F|  |TAMS 0x0000000090300000, 0x0000000090300000| Untracked 
| 260|0x0000000090400000, 0x0000000090400000, 0x0000000090500000|  0%| F|  |TAMS 0x0000000090400000, 0x0000000090400000| Untracked 
| 261|0x0000000090500000, 0x0000000090500000, 0x0000000090600000|  0%| F|  |TAMS 0x0000000090500000, 0x0000000090500000| Untracked 
| 262|0x0000000090600000, 0x0000000090600000, 0x0000000090700000|  0%| F|  |TAMS 0x0000000090600000, 0x0000000090600000| Untracked 
| 263|0x0000000090700000, 0x0000000090700000, 0x0000000090800000|  0%| F|  |TAMS 0x0000000090700000, 0x0000000090700000| Untracked 
| 264|0x0000000090800000, 0x0000000090800000, 0x0000000090900000|  0%| F|  |TAMS 0x0000000090800000, 0x0000000090800000| Untracked 
| 265|0x0000000090900000, 0x0000000090900000, 0x0000000090a00000|  0%| F|  |TAMS 0x0000000090900000, 0x0000000090900000| Untracked 
| 266|0x0000000090a00000, 0x0000000090a00000, 0x0000000090b00000|  0%| F|  |TAMS 0x0000000090a00000, 0x0000000090a00000| Untracked 
| 267|0x0000000090b00000, 0x0000000090b00000, 0x0000000090c00000|  0%| F|  |TAMS 0x0000000090b00000, 0x0000000090b00000| Untracked 
| 268|0x0000000090c00000, 0x0000000090c00000, 0x0000000090d00000|  0%| F|  |TAMS 0x0000000090c00000, 0x0000000090c00000| Untracked 
| 269|0x0000000090d00000, 0x0000000090d00000, 0x0000000090e00000|  0%| F|  |TAMS 0x0000000090d00000, 0x0000000090d00000| Untracked 
| 270|0x0000000090e00000, 0x0000000090e00000, 0x0000000090f00000|  0%| F|  |TAMS 0x0000000090e00000, 0x0000000090e00000| Untracked 
| 271|0x0000000090f00000, 0x0000000090f00000, 0x0000000091000000|  0%| F|  |TAMS 0x0000000090f00000, 0x0000000090f00000| Untracked 
| 272|0x0000000091000000, 0x0000000091000000, 0x0000000091100000|  0%| F|  |TAMS 0x0000000091000000, 0x0000000091000000| Untracked 
| 273|0x0000000091100000, 0x0000000091100000, 0x0000000091200000|  0%| F|  |TAMS 0x0000000091100000, 0x0000000091100000| Untracked 
| 274|0x0000000091200000, 0x0000000091200000, 0x0000000091300000|  0%| F|  |TAMS 0x0000000091200000, 0x0000000091200000| Untracked 
| 275|0x0000000091300000, 0x0000000091300000, 0x0000000091400000|  0%| F|  |TAMS 0x0000000091300000, 0x0000000091300000| Untracked 
| 276|0x0000000091400000, 0x0000000091400000, 0x0000000091500000|  0%| F|  |TAMS 0x0000000091400000, 0x0000000091400000| Untracked 
| 277|0x0000000091500000, 0x0000000091500000, 0x0000000091600000|  0%| F|  |TAMS 0x0000000091500000, 0x0000000091500000| Untracked 
| 278|0x0000000091600000, 0x0000000091600000, 0x0000000091700000|  0%| F|  |TAMS 0x0000000091600000, 0x0000000091600000| Untracked 
| 279|0x0000000091700000, 0x0000000091700000, 0x0000000091800000|  0%| F|  |TAMS 0x0000000091700000, 0x0000000091700000| Untracked 
| 280|0x0000000091800000, 0x0000000091800000, 0x0000000091900000|  0%| F|  |TAMS 0x0000000091800000, 0x0000000091800000| Untracked 
| 281|0x0000000091900000, 0x0000000091900000, 0x0000000091a00000|  0%| F|  |TAMS 0x0000000091900000, 0x0000000091900000| Untracked 
| 282|0x0000000091a00000, 0x0000000091a00000, 0x0000000091b00000|  0%| F|  |TAMS 0x0000000091a00000, 0x0000000091a00000| Untracked 
| 283|0x0000000091b00000, 0x0000000091b00000, 0x0000000091c00000|  0%| F|  |TAMS 0x0000000091b00000, 0x0000000091b00000| Untracked 
| 284|0x0000000091c00000, 0x0000000091c00000, 0x0000000091d00000|  0%| F|  |TAMS 0x0000000091c00000, 0x0000000091c00000| Untracked 
| 285|0x0000000091d00000, 0x0000000091d00000, 0x0000000091e00000|  0%| F|  |TAMS 0x0000000091d00000, 0x0000000091d00000| Untracked 
| 286|0x0000000091e00000, 0x0000000091e00000, 0x0000000091f00000|  0%| F|  |TAMS 0x0000000091e00000, 0x0000000091e00000| Untracked 
| 287|0x0000000091f00000, 0x0000000091f9f630, 0x0000000092000000| 62%| E|  |TAMS 0x0000000091f00000, 0x0000000091f00000| Complete 
| 288|0x0000000092000000, 0x0000000092100000, 0x0000000092100000|100%| E|CS|TAMS 0x0000000092000000, 0x0000000092000000| Complete 
| 289|0x0000000092100000, 0x0000000092200000, 0x0000000092200000|100%| E|CS|TAMS 0x0000000092100000, 0x0000000092100000| Complete 
| 290|0x0000000092200000, 0x0000000092300000, 0x0000000092300000|100%| E|CS|TAMS 0x0000000092200000, 0x0000000092200000| Complete 
| 291|0x0000000092300000, 0x0000000092400000, 0x0000000092400000|100%| E|CS|TAMS 0x0000000092300000, 0x0000000092300000| Complete 
| 292|0x0000000092400000, 0x0000000092500000, 0x0000000092500000|100%| E|CS|TAMS 0x0000000092400000, 0x0000000092400000| Complete 
| 293|0x0000000092500000, 0x0000000092600000, 0x0000000092600000|100%| E|CS|TAMS 0x0000000092500000, 0x0000000092500000| Complete 
| 294|0x0000000092600000, 0x0000000092700000, 0x0000000092700000|100%| E|CS|TAMS 0x0000000092600000, 0x0000000092600000| Complete 
| 295|0x0000000092700000, 0x0000000092800000, 0x0000000092800000|100%| E|CS|TAMS 0x0000000092700000, 0x0000000092700000| Complete 
| 296|0x0000000092800000, 0x0000000092900000, 0x0000000092900000|100%| E|CS|TAMS 0x0000000092800000, 0x0000000092800000| Complete 
| 297|0x0000000092900000, 0x0000000092a00000, 0x0000000092a00000|100%| E|CS|TAMS 0x0000000092900000, 0x0000000092900000| Complete 
| 298|0x0000000092a00000, 0x0000000092b00000, 0x0000000092b00000|100%| E|CS|TAMS 0x0000000092a00000, 0x0000000092a00000| Complete 
| 299|0x0000000092b00000, 0x0000000092c00000, 0x0000000092c00000|100%| E|CS|TAMS 0x0000000092b00000, 0x0000000092b00000| Complete 
| 300|0x0000000092c00000, 0x0000000092d00000, 0x0000000092d00000|100%| E|CS|TAMS 0x0000000092c00000, 0x0000000092c00000| Complete 
| 301|0x0000000092d00000, 0x0000000092e00000, 0x0000000092e00000|100%| E|CS|TAMS 0x0000000092d00000, 0x0000000092d00000| Complete 
| 302|0x0000000092e00000, 0x0000000092f00000, 0x0000000092f00000|100%| E|CS|TAMS 0x0000000092e00000, 0x0000000092e00000| Complete 
| 303|0x0000000092f00000, 0x0000000093000000, 0x0000000093000000|100%| E|CS|TAMS 0x0000000092f00000, 0x0000000092f00000| Complete 

Card table byte_map: [0x0000013aca970000,0x0000013acad70000] _byte_map_base: 0x0000013aca570000

Marking Bits (Prev, Next): (CMBitMap*) 0x0000013ab7791bf0, (CMBitMap*) 0x0000013ab7791bb8
 Prev Bits: [0x0000013acd170000, 0x0000013acf170000)
 Next Bits: [0x0000013acb170000, 0x0000013acd170000)

Polling page: 0x0000013ab58f0000

Metaspace:

Usage:
  Non-class:    141.47 MB capacity,   138.31 MB ( 98%) used,     2.58 MB (  2%) free+waste,   581.69 KB ( <1%) overhead. 
      Class:     21.28 MB capacity,    19.50 MB ( 92%) used,     1.53 MB (  7%) free+waste,   253.44 KB (  1%) overhead. 
       Both:    162.74 MB capacity,   157.81 MB ( 97%) used,     4.12 MB (  3%) free+waste,   835.13 KB ( <1%) overhead. 

Virtual space:
  Non-class space:      142.00 MB reserved,     141.68 MB (>99%) committed 
      Class space:        1.00 GB reserved,      21.32 MB (  2%) committed 
             Both:        1.14 GB reserved,     163.00 MB ( 14%) committed 

Chunk freelists:
   Non-Class:  23.00 KB
       Class:  3.00 KB
        Both:  26.00 KB

MaxMetaspaceSize: 17179869184.00 GB
CompressedClassSpaceSize: 1.00 GB

CodeHeap 'non-profiled nmethods': size=120000Kb used=25690Kb max_used=25690Kb free=94309Kb
 bounds [0x0000013ac2d10000, 0x0000013ac4630000, 0x0000013aca240000]
CodeHeap 'profiled nmethods': size=120000Kb used=64509Kb max_used=64509Kb free=55490Kb
 bounds [0x0000013abb7e0000, 0x0000013abf730000, 0x0000013ac2d10000]
CodeHeap 'non-nmethods': size=5760Kb used=2441Kb max_used=2531Kb free=3318Kb
 bounds [0x0000013abb240000, 0x0000013abb4d0000, 0x0000013abb7e0000]
 total_blobs=29683 nmethods=28591 adapters=1001
 compilation: enabled
              stopped_count=0, restarted_count=0
 full_count=0

Compilation events (20 events):
Event: 9131.803 Thread 0x0000013ad248c800 34698       4       org.gradle.api.internal.artifacts.ivyservice.resolveengine.graph.selectors.SelectorStateResolverResults::componentForIdResolveResult (42 bytes)
Event: 9131.805 Thread 0x0000013ad248c800 nmethod 34698 0x0000013ac4629d10 code [0x0000013ac4629ec0, 0x0000013ac462a008]
Event: 9131.805 Thread 0x0000013ad248c800 34701       4       org.gradle.api.internal.artifacts.ivyservice.ivyresolve.CachingModuleComponentRepository::getId (10 bytes)
Event: 9131.806 Thread 0x0000013adf298000 nmethod 34697 0x0000013ac462a210 code [0x0000013ac462a420, 0x0000013ac462b178]
Event: 9131.806 Thread 0x0000013adf298000 34696       4       org.gradle.internal.component.external.model.LazyVariantBackedConfigurationMetadata::<init> (26 bytes)
Event: 9131.807 Thread 0x0000013ad248c800 nmethod 34701 0x0000013ac462bd10 code [0x0000013ac462bec0, 0x0000013ac462c068]
Event: 9131.807 Thread 0x0000013ad248c800 34679       4       org.gradle.api.internal.project.DefaultProject_Decorated::getObjects (32 bytes)
Event: 9131.808 Thread 0x0000013ad248c800 nmethod 34679 0x0000013ac462c190 code [0x0000013ac462c340, 0x0000013ac462c508]
Event: 9131.808 Thread 0x0000013ad248c800 34703       4       org.gradle.api.internal.artifacts.ivyservice.resolveengine.graph.conflicts.VersionConflictResolutionDetails::collectVersionConflictCandidates (70 bytes)
Event: 9131.815 Thread 0x0000013ad248f800 34704       3       org.gradle.util.Path::path (35 bytes)
Event: 9131.816 Thread 0x0000013ad248f800 nmethod 34704 0x0000013abf71eb90 code [0x0000013abf71ede0, 0x0000013abf71f5f8]
Event: 9131.823 Thread 0x0000013ad248f800 34712   !   3       org.gradle.api.internal.artifacts.configurations.DefaultConfiguration$ConfigurationResolvableDependencies$LenientResolutionResult::resolve (82 bytes)
Event: 9131.824 Thread 0x0000013ad248f800 nmethod 34712 0x0000013abf71f910 code [0x0000013abf71fb80, 0x0000013abf720668]
Event: 9131.828 Thread 0x0000013ad248c800 nmethod 34703 0x0000013ac462c690 code [0x0000013ac462c880, 0x0000013ac462d598]
Event: 9131.828 Thread 0x0000013ad248c800 34702       4       org.gradle.api.internal.artifacts.ivyservice.resolveengine.graph.conflicts.VersionConflictResolutionDetails::mergeCauses (127 bytes)
Event: 9131.854 Thread 0x0000013ad248f800 34713       3       com.android.build.gradle.internal.ide.dependencies.ResolvedArtifact::equals (145 bytes)
Event: 9131.855 Thread 0x0000013ad248f800 nmethod 34713 0x0000013abf720c90 code [0x0000013abf720fc0, 0x0000013abf7227e8]
Event: 9131.856 Thread 0x0000013ad248f800 34714       3       com.google.common.collect.ImmutableMap::equals (6 bytes)
Event: 9131.856 Thread 0x0000013ad248f800 nmethod 34714 0x0000013abe822390 code [0x0000013abe822540, 0x0000013abe822668]
Event: 9131.856 Thread 0x0000013ad248f800 34715       3       com.google.common.collect.Maps::equalsImpl (39 bytes)

GC Heap History (20 events):
Event: 8393.611 GC heap before
{Heap before GC invocations=156 (full 0):
 garbage-first heap   total 311296K, used 227517K [0x0000000080000000, 0x0000000100000000)
  region size 1024K, 75 young (76800K), 2 survivors (2048K)
 Metaspace       used 158250K, capacity 162605K, committed 162944K, reserved 1191936K
  class space    used 19461K, capacity 21075K, committed 21196K, reserved 1048576K
}
Event: 8393.618 GC heap after
{Heap after GC invocations=157 (full 0):
 garbage-first heap   total 311296K, used 157159K [0x0000000080000000, 0x0000000100000000)
  region size 1024K, 6 young (6144K), 6 survivors (6144K)
 Metaspace       used 158250K, capacity 162605K, committed 162944K, reserved 1191936K
  class space    used 19461K, capacity 21075K, committed 21196K, reserved 1048576K
}
Event: 8473.559 GC heap before
{Heap before GC invocations=158 (full 0):
 garbage-first heap   total 311296K, used 257511K [0x0000000080000000, 0x0000000100000000)
  region size 1024K, 82 young (83968K), 6 survivors (6144K)
 Metaspace       used 158382K, capacity 162713K, committed 162944K, reserved 1191936K
  class space    used 19478K, capacity 21105K, committed 21196K, reserved 1048576K
}
Event: 8473.569 GC heap after
{Heap after GC invocations=159 (full 0):
 garbage-first heap   total 311296K, used 160048K [0x0000000080000000, 0x0000000100000000)
  region size 1024K, 8 young (8192K), 8 survivors (8192K)
 Metaspace       used 158382K, capacity 162713K, committed 162944K, reserved 1191936K
  class space    used 19478K, capacity 21105K, committed 21196K, reserved 1048576K
}
Event: 8473.596 GC heap before
{Heap before GC invocations=159 (full 0):
 garbage-first heap   total 311296K, used 166192K [0x0000000080000000, 0x0000000100000000)
  region size 1024K, 15 young (15360K), 8 survivors (8192K)
 Metaspace       used 158386K, capacity 162713K, committed 162944K, reserved 1191936K
  class space    used 19478K, capacity 21105K, committed 21196K, reserved 1048576K
}
Event: 8473.605 GC heap after
{Heap after GC invocations=160 (full 0):
 garbage-first heap   total 311296K, used 160098K [0x0000000080000000, 0x0000000100000000)
  region size 1024K, 2 young (2048K), 2 survivors (2048K)
 Metaspace       used 158386K, capacity 162713K, committed 162944K, reserved 1191936K
  class space    used 19478K, capacity 21105K, committed 21196K, reserved 1048576K
}
Event: 8473.653 GC heap before
{Heap before GC invocations=160 (full 0):
 garbage-first heap   total 311296K, used 171362K [0x0000000080000000, 0x0000000100000000)
  region size 1024K, 14 young (14336K), 2 survivors (2048K)
 Metaspace       used 158436K, capacity 162791K, committed 162944K, reserved 1191936K
  class space    used 19492K, capacity 21131K, committed 21196K, reserved 1048576K
}
Event: 8473.658 GC heap after
{Heap after GC invocations=161 (full 0):
 garbage-first heap   total 311296K, used 159887K [0x0000000080000000, 0x0000000100000000)
  region size 1024K, 2 young (2048K), 2 survivors (2048K)
 Metaspace       used 158436K, capacity 162791K, committed 162944K, reserved 1191936K
  class space    used 19492K, capacity 21131K, committed 21196K, reserved 1048576K
}
Event: 8475.172 GC heap before
{Heap before GC invocations=162 (full 0):
 garbage-first heap   total 311296K, used 258191K [0x0000000080000000, 0x0000000100000000)
  region size 1024K, 80 young (81920K), 2 survivors (2048K)
 Metaspace       used 158697K, capacity 163249K, committed 163328K, reserved 1191936K
  class space    used 19561K, capacity 21259K, committed 21324K, reserved 1048576K
}
Event: 8475.179 GC heap after
{Heap after GC invocations=163 (full 0):
 garbage-first heap   total 311296K, used 164799K [0x0000000080000000, 0x0000000100000000)
  region size 1024K, 7 young (7168K), 7 survivors (7168K)
 Metaspace       used 158697K, capacity 163249K, committed 163328K, reserved 1191936K
  class space    used 19561K, capacity 21259K, committed 21324K, reserved 1048576K
}
Event: 8475.189 GC heap before
{Heap before GC invocations=163 (full 0):
 garbage-first heap   total 311296K, used 172991K [0x0000000080000000, 0x0000000100000000)
  region size 1024K, 15 young (15360K), 7 survivors (7168K)
 Metaspace       used 158697K, capacity 163249K, committed 163328K, reserved 1191936K
  class space    used 19561K, capacity 21259K, committed 21324K, reserved 1048576K
}
Event: 8475.199 GC heap after
{Heap after GC invocations=164 (full 0):
 garbage-first heap   total 311296K, used 156847K [0x0000000080000000, 0x0000000100000000)
  region size 1024K, 2 young (2048K), 2 survivors (2048K)
 Metaspace       used 158697K, capacity 163249K, committed 163328K, reserved 1191936K
  class space    used 19561K, capacity 21259K, committed 21324K, reserved 1048576K
}
Event: 8475.658 GC heap before
{Heap before GC invocations=164 (full 0):
 garbage-first heap   total 311296K, used 234671K [0x0000000080000000, 0x0000000100000000)
  region size 1024K, 80 young (81920K), 2 survivors (2048K)
 Metaspace       used 158893K, capacity 163590K, committed 163712K, reserved 1191936K
  class space    used 19610K, capacity 21350K, committed 21452K, reserved 1048576K
}
Event: 8475.664 GC heap after
{Heap after GC invocations=165 (full 0):
 garbage-first heap   total 311296K, used 158957K [0x0000000080000000, 0x0000000100000000)
  region size 1024K, 5 young (5120K), 5 survivors (5120K)
 Metaspace       used 158893K, capacity 163590K, committed 163712K, reserved 1191936K
  class space    used 19610K, capacity 21350K, committed 21452K, reserved 1048576K
}
Event: 9131.008 GC heap before
{Heap before GC invocations=166 (full 0):
 garbage-first heap   total 311296K, used 270573K [0x0000000080000000, 0x0000000100000000)
  region size 1024K, 87 young (89088K), 5 survivors (5120K)
 Metaspace       used 161233K, capacity 166254K, committed 166400K, reserved 1193984K
  class space    used 19920K, capacity 21724K, committed 21836K, reserved 1048576K
}
Event: 9131.020 GC heap after
{Heap after GC invocations=167 (full 0):
 garbage-first heap   total 311296K, used 168809K [0x0000000080000000, 0x0000000100000000)
  region size 1024K, 9 young (9216K), 9 survivors (9216K)
 Metaspace       used 161233K, capacity 166254K, committed 166400K, reserved 1193984K
  class space    used 19920K, capacity 21724K, committed 21836K, reserved 1048576K
}
Event: 9131.201 GC heap before
{Heap before GC invocations=167 (full 0):
 garbage-first heap   total 311296K, used 174953K [0x0000000080000000, 0x0000000100000000)
  region size 1024K, 15 young (15360K), 9 survivors (9216K)
 Metaspace       used 161318K, capacity 166318K, committed 166656K, reserved 1193984K
  class space    used 19929K, capacity 21724K, committed 21836K, reserved 1048576K
}
Event: 9131.214 GC heap after
{Heap after GC invocations=168 (full 0):
 garbage-first heap   total 311296K, used 168929K [0x0000000080000000, 0x0000000100000000)
  region size 1024K, 2 young (2048K), 2 survivors (2048K)
 Metaspace       used 161318K, capacity 166318K, committed 166656K, reserved 1193984K
  class space    used 19929K, capacity 21724K, committed 21836K, reserved 1048576K
}
Event: 9131.717 GC heap before
{Heap before GC invocations=168 (full 0):
 garbage-first heap   total 311296K, used 248801K [0x0000000080000000, 0x0000000100000000)
  region size 1024K, 81 young (82944K), 2 survivors (2048K)
 Metaspace       used 161583K, capacity 166647K, committed 166912K, reserved 1193984K
  class space    used 19964K, capacity 21788K, committed 21836K, reserved 1048576K
}
Event: 9131.727 GC heap after
{Heap after GC invocations=169 (full 0):
 garbage-first heap   total 311296K, used 173582K [0x0000000080000000, 0x0000000100000000)
  region size 1024K, 7 young (7168K), 7 survivors (7168K)
 Metaspace       used 161583K, capacity 166647K, committed 166912K, reserved 1193984K
  class space    used 19964K, capacity 21788K, committed 21836K, reserved 1048576K
}

Deoptimization events (20 events):
Event: 9131.773 Thread 0x0000013adf28f000 Uncommon trap: trap_request=0xffffffde fr.pc=0x0000013ac35067e0 relative=0x00000000000009c0
Event: 9131.773 Thread 0x0000013adf28f000 Uncommon trap: reason=class_check action=maybe_recompile pc=0x0000013ac35067e0 method=org.gradle.internal.component.model.AttributeConfigurationSelector.filterVariantsByRequestedCapabilities(Lorg/gradle/internal/component/model/ComponentResolveMetadata;Lj
Event: 9131.773 Thread 0x0000013adf28f000 DEOPT PACKING pc=0x0000013ac35067e0 sp=0x000000159b6f9060
Event: 9131.773 Thread 0x0000013adf28f000 DEOPT UNPACKING pc=0x0000013abb2678af sp=0x000000159b6f9000 mode 2
Event: 9131.803 Thread 0x0000013adf28f000 Uncommon trap: trap_request=0xffffffbe fr.pc=0x0000013ac46296ac relative=0x000000000000032c
Event: 9131.804 Thread 0x0000013adf28f000 Uncommon trap: reason=profile_predicate action=maybe_recompile pc=0x0000013ac46296ac method=org.gradle.api.internal.artifacts.ivyservice.resolveengine.graph.builder.DependencyGraphBuilder.attachToTargetRevisionsSerially(Ljava/util/List;Lorg/gradle/api/spe
Event: 9131.804 Thread 0x0000013adf28f000 DEOPT PACKING pc=0x0000013ac46296ac sp=0x000000159b6f95b0
Event: 9131.804 Thread 0x0000013adf28f000 DEOPT UNPACKING pc=0x0000013abb2678af sp=0x000000159b6f9548 mode 2
Event: 9131.804 Thread 0x0000013adf28f000 Uncommon trap: trap_request=0xffffffbe fr.pc=0x0000013ac46296ac relative=0x000000000000032c
Event: 9131.804 Thread 0x0000013adf28f000 Uncommon trap: reason=profile_predicate action=maybe_recompile pc=0x0000013ac46296ac method=org.gradle.api.internal.artifacts.ivyservice.resolveengine.graph.builder.DependencyGraphBuilder.attachToTargetRevisionsSerially(Ljava/util/List;Lorg/gradle/api/spe
Event: 9131.804 Thread 0x0000013adf28f000 DEOPT PACKING pc=0x0000013ac46296ac sp=0x000000159b6f95b0
Event: 9131.804 Thread 0x0000013adf28f000 DEOPT UNPACKING pc=0x0000013abb2678af sp=0x000000159b6f9548 mode 2
Event: 9131.804 Thread 0x0000013adf28f000 Uncommon trap: trap_request=0xffffffbe fr.pc=0x0000013ac46296ac relative=0x000000000000032c
Event: 9131.804 Thread 0x0000013adf28f000 Uncommon trap: reason=profile_predicate action=maybe_recompile pc=0x0000013ac46296ac method=org.gradle.api.internal.artifacts.ivyservice.resolveengine.graph.builder.DependencyGraphBuilder.attachToTargetRevisionsSerially(Ljava/util/List;Lorg/gradle/api/spe
Event: 9131.804 Thread 0x0000013adf28f000 DEOPT PACKING pc=0x0000013ac46296ac sp=0x000000159b6f95b0
Event: 9131.804 Thread 0x0000013adf28f000 DEOPT UNPACKING pc=0x0000013abb2678af sp=0x000000159b6f9548 mode 2
Event: 9131.804 Thread 0x0000013adf28f000 Uncommon trap: trap_request=0xffffffbe fr.pc=0x0000013ac46296ac relative=0x000000000000032c
Event: 9131.804 Thread 0x0000013adf28f000 Uncommon trap: reason=profile_predicate action=maybe_recompile pc=0x0000013ac46296ac method=org.gradle.api.internal.artifacts.ivyservice.resolveengine.graph.builder.DependencyGraphBuilder.attachToTargetRevisionsSerially(Ljava/util/List;Lorg/gradle/api/spe
Event: 9131.804 Thread 0x0000013adf28f000 DEOPT PACKING pc=0x0000013ac46296ac sp=0x000000159b6f95b0
Event: 9131.804 Thread 0x0000013adf28f000 DEOPT UNPACKING pc=0x0000013abb2678af sp=0x000000159b6f9548 mode 2

Classes redefined (0 events):
No events

Internal exceptions (20 events):
Event: 9130.852 Thread 0x0000013adf28f000 Exception <a 'java/lang/NoSuchMethodError'{0x000000008e6b2d30}: <clinit>> (0x000000008e6b2d30) thrown at [./src/hotspot/share/prims/jni.cpp, line 1362]
Event: 9130.854 Thread 0x0000013adf28f000 Exception <a 'java/lang/NoSuchMethodError'{0x000000008e6cd318}: <clinit>> (0x000000008e6cd318) thrown at [./src/hotspot/share/prims/jni.cpp, line 1362]
Event: 9130.858 Thread 0x0000013adf28f000 Exception <a 'java/lang/NoSuchMethodError'{0x000000008e6e78f0}: <clinit>> (0x000000008e6e78f0) thrown at [./src/hotspot/share/prims/jni.cpp, line 1362]
Event: 9130.864 Thread 0x0000013adf28f000 Exception <a 'java/lang/ClassNotFoundException'{0x000000008e51e408}: org/jetbrains/plugins/gradle/tooling/util/SourceSetCachedFinder$1BeanInfo> (0x000000008e51e408) thrown at [./src/hotspot/share/classfile/systemDictionary.cpp, line 231]
Event: 9130.865 Thread 0x0000013adf28f000 Exception <a 'java/lang/ClassNotFoundException'{0x000000008e52df10}: org/jetbrains/plugins/gradle/tooling/util/SourceSetCachedFinder$1Customizer> (0x000000008e52df10) thrown at [./src/hotspot/share/classfile/systemDictionary.cpp, line 231]
Event: 9130.869 Thread 0x0000013adf28f000 Exception <a 'java/lang/ClassNotFoundException'{0x000000008e5667b0}: org/jetbrains/plugins/gradle/tooling/util/SourceSetCachedFinder$2BeanInfo> (0x000000008e5667b0) thrown at [./src/hotspot/share/classfile/systemDictionary.cpp, line 231]
Event: 9130.870 Thread 0x0000013adf28f000 Exception <a 'java/lang/ClassNotFoundException'{0x000000008e5762e0}: org/jetbrains/plugins/gradle/tooling/util/SourceSetCachedFinder$2Customizer> (0x000000008e5762e0) thrown at [./src/hotspot/share/classfile/systemDictionary.cpp, line 231]
Event: 9130.872 Thread 0x0000013adf28f000 Exception <a 'java/lang/ClassNotFoundException'{0x000000008e5a97f8}: org/jetbrains/plugins/gradle/tooling/util/SourceSetCachedFinderBeanInfo> (0x000000008e5a97f8) thrown at [./src/hotspot/share/classfile/systemDictionary.cpp, line 231]
Event: 9130.873 Thread 0x0000013adf28f000 Exception <a 'java/lang/ClassNotFoundException'{0x000000008e5b8a70}: org/jetbrains/plugins/gradle/tooling/util/SourceSetCachedFinderCustomizer> (0x000000008e5b8a70) thrown at [./src/hotspot/share/classfile/systemDictionary.cpp, line 231]
Event: 9130.884 Thread 0x0000013adf28f000 Exception <a 'java/lang/ClassNotFoundException'{0x000000008e437a48}: org/jetbrains/plugins/gradle/tooling/util/SourceSetCachedFinder$ArtifactsMapBeanInfo> (0x000000008e437a48) thrown at [./src/hotspot/share/classfile/systemDictionary.cpp, line 231]
Event: 9130.884 Thread 0x0000013adf28f000 Exception <a 'java/lang/ClassNotFoundException'{0x000000008e448ec8}: org/jetbrains/plugins/gradle/tooling/util/SourceSetCachedFinder$ArtifactsMapCustomizer> (0x000000008e448ec8) thrown at [./src/hotspot/share/classfile/systemDictionary.cpp, line 231]
Event: 9131.263 Thread 0x0000013adf28f000 Exception <a 'java/lang/NoSuchMethodError'{0x0000000092bc7a20}: <clinit>> (0x0000000092bc7a20) thrown at [./src/hotspot/share/prims/jni.cpp, line 1362]
Event: 9131.350 Thread 0x0000013adf28f000 Exception <a 'java/lang/ClassNotFoundException'{0x000000009189e048}: org/jetbrains/plugins/gradle/tooling/util/JavaPluginUtilBeanInfo> (0x000000009189e048) thrown at [./src/hotspot/share/classfile/systemDictionary.cpp, line 231]
Event: 9131.351 Thread 0x0000013adf28f000 Exception <a 'java/lang/ClassNotFoundException'{0x00000000918ad9d0}: org/jetbrains/plugins/gradle/tooling/util/JavaPluginUtilCustomizer> (0x00000000918ad9d0) thrown at [./src/hotspot/share/classfile/systemDictionary.cpp, line 231]
Event: 9131.402 Thread 0x0000013adf28f000 Exception <a 'sun/nio/fs/WindowsException'{0x000000009147bb48}> (0x000000009147bb48) thrown at [./src/hotspot/share/prims/jni.cpp, line 615]
Event: 9131.408 Thread 0x0000013adf28f000 Exception <a 'sun/nio/fs/WindowsException'{0x0000000091316640}> (0x0000000091316640) thrown at [./src/hotspot/share/prims/jni.cpp, line 615]
Event: 9131.409 Thread 0x0000013adf28f000 Exception <a 'sun/nio/fs/WindowsException'{0x0000000091317880}> (0x0000000091317880) thrown at [./src/hotspot/share/prims/jni.cpp, line 615]
Event: 9131.409 Thread 0x0000013adf28f000 Exception <a 'sun/nio/fs/WindowsException'{0x0000000091318b10}> (0x0000000091318b10) thrown at [./src/hotspot/share/prims/jni.cpp, line 615]
Event: 9131.409 Thread 0x0000013adf28f000 Exception <a 'sun/nio/fs/WindowsException'{0x0000000091319da0}> (0x0000000091319da0) thrown at [./src/hotspot/share/prims/jni.cpp, line 615]
Event: 9131.439 Thread 0x0000013adf28f000 Exception <a 'java/lang/reflect/InvocationTargetException'{0x00000000910a1078}> (0x00000000910a1078) thrown at [./src/hotspot/share/runtime/reflection.cpp, line 1247]

Events (20 events):
Event: 9131.370 loading class groovy/runtime/metaclass/org/gradle/api/tasks/SourceSetMetaClass
Event: 9131.370 loading class groovy/runtime/metaclass/org/gradle/api/tasks/SourceSetMetaClass done
Event: 9131.371 loading class groovy/runtime/metaclass/java/util/LinkedHashMapMetaClass
Event: 9131.371 loading class groovy/runtime/metaclass/java/util/LinkedHashMapMetaClass done
Event: 9131.432 Thread 0x0000013adcca4800 Thread added: 0x0000013adcca4800
Event: 9131.562 loading class org/gradle/internal/resolve/RejectedByRuleVersion
Event: 9131.562 loading class org/gradle/internal/resolve/RejectedByRuleVersion done
Event: 9131.562 loading class org/gradle/internal/resolve/RejectedVersion
Event: 9131.562 loading class org/gradle/internal/resolve/RejectedVersion done
Event: 9131.650 Executing VM operation: RevokeBias
Event: 9131.650 Executing VM operation: RevokeBias done
Event: 9131.650 Executing VM operation: BulkRevokeBias
Event: 9131.652 Executing VM operation: BulkRevokeBias done
Event: 9131.652 Executing VM operation: RevokeBias
Event: 9131.652 Executing VM operation: RevokeBias done
Event: 9131.652 Executing VM operation: RevokeBias
Event: 9131.652 Executing VM operation: RevokeBias done
Event: 9131.717 Executing VM operation: G1CollectForAllocation
Event: 9131.727 Executing VM operation: G1CollectForAllocation done
Event: 9131.856 Executing VM operation: CGC_Operation


Dynamic libraries:
0x00007ff62b4c0000 - 0x00007ff62b4ca000 	C:\Program Files\Android\Android Studio\jre\bin\java.exe
0x00007ffe30270000 - 0x00007ffe30465000 	C:\windows\SYSTEM32\ntdll.dll
0x00007ffe2f830000 - 0x00007ffe2f8ed000 	C:\windows\System32\KERNEL32.DLL
0x00007ffe2dab0000 - 0x00007ffe2dd7d000 	C:\windows\System32\KERNELBASE.dll
0x00007ffe2e060000 - 0x00007ffe2e160000 	C:\windows\System32\ucrtbase.dll
0x00007ffe1df40000 - 0x00007ffe1df59000 	C:\Program Files\Android\Android Studio\jre\bin\jli.dll
0x00007ffe11bf0000 - 0x00007ffe11c07000 	C:\Program Files\Android\Android Studio\jre\bin\VCRUNTIME140.dll
0x00007ffe2ff10000 - 0x00007ffe300b0000 	C:\windows\System32\USER32.dll
0x00007ffe16290000 - 0x00007ffe1652a000 	C:\windows\WinSxS\amd64_microsoft.windows.common-controls_6595b64144ccf1df_6.0.19041.1110_none_60b5254171f9507e\COMCTL32.dll
0x00007ffe2e030000 - 0x00007ffe2e052000 	C:\windows\System32\win32u.dll
0x00007ffe2fee0000 - 0x00007ffe2ff0a000 	C:\windows\System32\GDI32.dll
0x00007ffe2fbd0000 - 0x00007ffe2fc6e000 	C:\windows\System32\msvcrt.dll
0x00007ffe2de30000 - 0x00007ffe2df3b000 	C:\windows\System32\gdi32full.dll
0x00007ffe2da10000 - 0x00007ffe2daad000 	C:\windows\System32\msvcp_win.dll
0x00007ffe2fb40000 - 0x00007ffe2fb70000 	C:\windows\System32\IMM32.DLL
0x00007ffdf7f30000 - 0x00007ffdf7fcd000 	C:\Program Files\Android\Android Studio\jre\bin\msvcp140.dll
0x00007ffdd4090000 - 0x00007ffdd4b5f000 	C:\Program Files\Android\Android Studio\jre\bin\server\jvm.dll
0x00007ffe2fc80000 - 0x00007ffe2fd2e000 	C:\windows\System32\ADVAPI32.dll
0x00007ffe2e520000 - 0x00007ffe2e5bc000 	C:\windows\System32\sechost.dll
0x00007ffe2fdb0000 - 0x00007ffe2fed5000 	C:\windows\System32\RPCRT4.dll
0x00007ffe2e2c0000 - 0x00007ffe2e2c8000 	C:\windows\System32\PSAPI.DLL
0x00007ffe24f20000 - 0x00007ffe24f2a000 	C:\windows\SYSTEM32\VERSION.dll
0x00007ffe23d80000 - 0x00007ffe23da7000 	C:\windows\SYSTEM32\WINMM.dll
0x00007ffe1bdc0000 - 0x00007ffe1bdc9000 	C:\windows\SYSTEM32\WSOCK32.dll
0x00007ffe2e4a0000 - 0x00007ffe2e50b000 	C:\windows\System32\WS2_32.dll
0x00007ffe2b8a0000 - 0x00007ffe2b8b2000 	C:\windows\SYSTEM32\kernel.appcore.dll
0x00007ffe27fb0000 - 0x00007ffe27fc1000 	C:\Program Files\Android\Android Studio\jre\bin\verify.dll
0x00007ffe27190000 - 0x00007ffe27374000 	C:\windows\SYSTEM32\DBGHELP.DLL
0x00007ffe1ade0000 - 0x00007ffe1ae0c000 	C:\windows\SYSTEM32\dbgcore.DLL
0x00007ffe2d980000 - 0x00007ffe2da02000 	C:\windows\System32\bcryptPrimitives.dll
0x00007ffe268b0000 - 0x00007ffe268d9000 	C:\Program Files\Android\Android Studio\jre\bin\java.dll
0x00007ffe2b1c0000 - 0x00007ffe2b1cb000 	C:\Program Files\Android\Android Studio\jre\bin\jimage.dll
0x00007ffe20f70000 - 0x00007ffe20f88000 	C:\Program Files\Android\Android Studio\jre\bin\zip.dll
0x00007ffe2f0e0000 - 0x00007ffe2f824000 	C:\windows\System32\SHELL32.dll
0x00007ffe2baa0000 - 0x00007ffe2c234000 	C:\windows\SYSTEM32\windows.storage.dll
0x00007ffe2ed20000 - 0x00007ffe2f074000 	C:\windows\System32\combase.dll
0x00007ffe2d370000 - 0x00007ffe2d39c000 	C:\windows\SYSTEM32\Wldp.dll
0x00007ffe2e7f0000 - 0x00007ffe2e89d000 	C:\windows\System32\SHCORE.dll
0x00007ffe2fb70000 - 0x00007ffe2fbc5000 	C:\windows\System32\shlwapi.dll
0x00007ffe2d8c0000 - 0x00007ffe2d8df000 	C:\windows\SYSTEM32\profapi.dll
0x00007ffe20f50000 - 0x00007ffe20f6a000 	C:\Program Files\Android\Android Studio\jre\bin\net.dll
0x00007ffe24e10000 - 0x00007ffe24f1a000 	C:\windows\SYSTEM32\WINHTTP.dll
0x00007ffe2d070000 - 0x00007ffe2d0da000 	C:\windows\system32\mswsock.dll
0x00007ffe20f30000 - 0x00007ffe20f44000 	C:\Program Files\Android\Android Studio\jre\bin\nio.dll
0x00007ffe1fe00000 - 0x00007ffe1fe27000 	C:\Users\USER\.gradle\native\8bec1ad78214c89d9ad589b4d07fe93259594b29d510b10fafb7a158f7737e5d\windows-amd64\native-platform.dll
0x00007ffdffeb0000 - 0x00007ffdfffed000 	C:\Users\USER\.gradle\native\53dbd7edfb1c66fb8903c78663c9afc45aea4f116125fa6feffd364cf09443e8\windows-amd64\native-platform-file-events.dll
0x00007ffe2b1a0000 - 0x00007ffe2b1aa000 	C:\Program Files\Android\Android Studio\jre\bin\management.dll
0x00007ffe2b190000 - 0x00007ffe2b19c000 	C:\Program Files\Android\Android Studio\jre\bin\management_ext.dll
0x00007ffe2d260000 - 0x00007ffe2d278000 	C:\windows\SYSTEM32\CRYPTSP.dll
0x00007ffe2c9f0000 - 0x00007ffe2ca24000 	C:\windows\system32\rsaenh.dll
0x00007ffe2e000000 - 0x00007ffe2e027000 	C:\windows\System32\bcrypt.dll
0x00007ffe2d840000 - 0x00007ffe2d86e000 	C:\windows\SYSTEM32\USERENV.dll
0x00007ffe2d280000 - 0x00007ffe2d28c000 	C:\windows\SYSTEM32\CRYPTBASE.dll
0x00007ffe2cd60000 - 0x00007ffe2cd9b000 	C:\windows\SYSTEM32\IPHLPAPI.DLL
0x00007ffe2e510000 - 0x00007ffe2e518000 	C:\windows\System32\NSI.dll
0x00007ffe26f90000 - 0x00007ffe26fa7000 	C:\windows\SYSTEM32\dhcpcsvc6.DLL
0x00007ffe26d60000 - 0x00007ffe26d7d000 	C:\windows\SYSTEM32\dhcpcsvc.DLL
0x00007ffe2cda0000 - 0x00007ffe2ce6b000 	C:\windows\SYSTEM32\DNSAPI.dll
0x00007ffe0d1c0000 - 0x00007ffe0d1de000 	C:\Users\USER\AppData\Local\Temp\native-platform14980416045528525711dir\native-platform.dll
0x00007ffe1df30000 - 0x00007ffe1df38000 	C:\Program Files\Android\Android Studio\jre\bin\rmi.dll
0x00007ffe16dd0000 - 0x00007ffe16de7000 	C:\windows\system32\napinsp.dll
0x00007ffe16bc0000 - 0x00007ffe16bdb000 	C:\windows\system32\pnrpnsp.dll
0x00007ffe16ba0000 - 0x00007ffe16bb5000 	C:\windows\system32\wshbth.dll
0x00007ffe27f50000 - 0x00007ffe27f6d000 	C:\windows\system32\NLAapi.dll
0x00007ffe16b80000 - 0x00007ffe16b92000 	C:\windows\System32\winrnr.dll
0x0000000062dc0000 - 0x0000000062de6000 	C:\Program Files\Bonjour\mdnsNSP.dll
0x00007ffe25a40000 - 0x00007ffe25a4a000 	C:\Windows\System32\rasadhlp.dll
0x00007ffe24f40000 - 0x00007ffe24fc0000 	C:\windows\System32\fwpuclnt.dll
0x00007ffe20ec0000 - 0x00007ffe20ee7000 	C:\Program Files\Android\Android Studio\jre\bin\sunec.dll

dbghelp: loaded successfully - version: 4.0.5 - missing functions: none
symbol engine: initialized successfully - sym options: 0x614 - pdb path: .;C:\Program Files\Android\Android Studio\jre\bin;C:\windows\SYSTEM32;C:\windows\WinSxS\amd64_microsoft.windows.common-controls_6595b64144ccf1df_6.0.19041.1110_none_60b5254171f9507e;C:\Program Files\Android\Android Studio\jre\bin\server;C:\Users\USER\.gradle\native\8bec1ad78214c89d9ad589b4d07fe93259594b29d510b10fafb7a158f7737e5d\windows-amd64;C:\Users\USER\.gradle\native\53dbd7edfb1c66fb8903c78663c9afc45aea4f116125fa6feffd364cf09443e8\windows-amd64;C:\Users\USER\AppData\Local\Temp\native-platform14980416045528525711dir;C:\Program Files\Bonjour

VM Arguments:
jvm_args: --add-opens=java.base/java.util=ALL-UNNAMED --add-opens=java.base/java.lang=ALL-UNNAMED --add-opens=java.base/java.lang.invoke=ALL-UNNAMED --add-opens=java.base/java.util=ALL-UNNAMED --add-opens=java.prefs/java.util.prefs=ALL-UNNAMED --add-opens=java.prefs/java.util.prefs=ALL-UNNAMED --add-opens=java.base/java.nio.charset=ALL-UNNAMED --add-opens=java.base/java.net=ALL-UNNAMED --add-opens=java.base/java.util.concurrent.atomic=ALL-UNNAMED -Xmx2048m -Dfile.encoding=UTF-8 -Duser.country=US -Duser.language=en -Duser.variant 
java_command: org.gradle.launcher.daemon.bootstrap.GradleDaemon 7.0.2
java_class_path (initial): C:\Users\USER\.gradle\wrapper\dists\gradle-7.0.2-bin\857tjihv64xamwrf0h14cai3r\gradle-7.0.2\lib\gradle-launcher-7.0.2.jar
Launcher Type: SUN_STANDARD

[Global flags]
     intx CICompilerCount                          = 4                                         {product} {ergonomic}
     uint ConcGCThreads                            = 2                                         {product} {ergonomic}
     uint G1ConcRefinementThreads                  = 8                                         {product} {ergonomic}
   size_t G1HeapRegionSize                         = 1048576                                   {product} {ergonomic}
    uintx GCDrainStackTargetSize                   = 64                                        {product} {ergonomic}
   size_t InitialHeapSize                          = 260046848                                 {product} {ergonomic}
   size_t MarkStackSize                            = 4194304                                   {product} {ergonomic}
   size_t MaxHeapSize                              = 2147483648                                {product} {command line}
   size_t MaxNewSize                               = 1287651328                                {product} {ergonomic}
   size_t MinHeapDeltaBytes                        = 1048576                                   {product} {ergonomic}
    uintx NonNMethodCodeHeapSize                   = 5836300                                {pd product} {ergonomic}
    uintx NonProfiledCodeHeapSize                  = 122910970                              {pd product} {ergonomic}
    uintx ProfiledCodeHeapSize                     = 122910970                              {pd product} {ergonomic}
    uintx ReservedCodeCacheSize                    = 251658240                              {pd product} {ergonomic}
     bool SegmentedCodeCache                       = true                                      {product} {ergonomic}
     bool UseCompressedClassPointers               = true                                 {lp64_product} {ergonomic}
     bool UseCompressedOops                        = true                                 {lp64_product} {ergonomic}
     bool UseG1GC                                  = true                                      {product} {ergonomic}
     bool UseLargePagesIndividualAllocation        = false                                  {pd product} {ergonomic}

Logging:
Log output configuration:
 #0: stdout all=warning uptime,level,tags
 #1: stderr all=off uptime,level,tags

Environment Variables:
JAVA_HOME=C:\Users\USER\AppData\Local\Programs\Eclipse Foundation\jdk-11.0.12.7-hotspot\
PATH=C:\Program Files (x86)\Common Files\Intel\Shared Libraries\redist\intel64_win\compiler;C:\Program Files (x86)\Common Files\Oracle\Java\javapath;C:\ProgramData\Oracle\Java\javapath;C:\windows\system32;C:\windows;C:\windows\System32\Wbem;C:\windows\System32\WindowsPowerShell\v1.0\;C:\windows\System32\OpenSSH\;C:\Program Files\Java\jdk1.8.0_202\bin;C:\Program Files\Git\cmd;C:\Program Files\dotnet\;C:\Program Files\Microsoft SQL Server\150\Tools\Binn\;D:\xampp\php;C:\Program Files (x86)\dotnet\;C:\Program Files\nodejs\;C:\ProgramData\chocolatey\bin;C:\Program Files\MySQL\MySQL Server 8.0\bin;D:\Conda;D:\Conda\Library\bin;D:\Conda\Scripts;C:\Program Files\MySQL\MySQL Shell 8.0\bin\;C:\Users\USER\AppData\Local\Programs\Eclipse Foundation\jdk-11.0.12.7-hotspot\bin;C:\Users\USER\AppData\Local\Microsoft\WindowsApps;C:\Users\USER\AppData\Local\Programs\Microsoft VS Code\bin;C:\Users\USER\AppData\Roaming\npm;C:\Program Files\MySQL\MySQL Server 8.0\bin;
USERNAME=USER
OS=Windows_NT
PROCESSOR_IDENTIFIER=AMD64 Family 23 Model 96 Stepping 1, AuthenticAMD



---------------  S Y S T E M  ---------------

OS: Windows 10 , 64 bit Build 19041 (10.0.19041.1706)
OS uptime: 3 days 2:09 hours

CPU:total 8 (initial active 8) (8 cores per cpu, 2 threads per core) family 23 model 96 stepping 1 microcode 0x0, cmov, cx8, fxsr, mmx, sse, sse2, sse3, ssse3, sse4.1, sse4.2, popcnt, avx, avx2, aes, clmul, mmxext, 3dnowpref, lzcnt, sse4a, ht, tsc, tscinvbit, tscinv, bmi1, bmi2, adx, s

Memory: 4k page, system-wide physical 15764M (4173M free)
TotalPageFile size 20783M (AvailPageFile size 2435M)
current process WorkingSet (physical memory assigned to process): 701M, peak: 766M
current process commit charge ("private bytes"): 795M, peak: 861M

vm_info: OpenJDK 64-Bit Server VM (11.0.10+0-b96-7249189) for windows-amd64 JRE (11.0.10+0-b96-7249189), built on Mar 31 2021 21:44:00 by "builder" with MS VC++ 14.0 (VS2015)

END.
